gen	Scaled_Wass_Lower_library_1	Scaled_Wass_Lower_library_2	Scaled_Wass_Lower_library_3	Scaled_Wass_Lower_library_4	Rums_library_1	Rums_library_2	Rums_library_3	Rums_library_4
5040	0.0255736138903841	0.0300021756832744	0.0197335864807768	-0.00205403503561307	-0.000600000000000003	-0.0016	-0.000199999999999992	0.00259999999999999
5080	0.0252217367658919	0.00821763639700514	0.00318870989915557	0.000303008853476165	-0.00360000000000001	-0.002	-0.00142535068689101	-0.000200000000000006
5120	0.0172323835593502	0.016201684012304	0.0139538735329375	-0.0207128399328719	0.0014	-0.0028	0.00620000000000001	-0.000373543270375518
5160	0.0250887946940572	0.0232918913837719	0.0120841647279609	-0.0128832927975515	0	0.0024	-0.00180000000000001	-0.00115675455003265
5200	-0.00347220911167886	0.0480060633977562	0.00515666819676622	0.0216750757971611	-0.000399999999999998	0.0034	0.00126018173652485	0.003
5240	0.00898320919665171	0.00915416305468815	0.0208378255259912	0.00176661257436558	-0.0018	-0.000600000000000003	0.00119999999999999	0.00380000000000001
5280	0.0141819353860988	0.00738635660366588	-0.00116208773722246	0.00184348570107684	0.000799999999999995	-0.004	0.000599999999999989	0.003
5320	0.0228234609182519	0.0155834768410976	0.0110218987702939	-0.00694549607678133	0.000399999999999998	-0.0014	0.00120000000000001	0.0001507565765764
5360	0.0158317695556685	0.0161756607329258	0.0195690686158881	0.0078505501411881	0.001	-0.0024	0.00142708380658277	0.000921682932649437
5400	0.0131920733666693	0.00537100080151093	0.0181614333228161	0.00186948724951903	0.0016	0.0048	-0.00219999999999999	-0.000600000000000003
5440	0.0169006451044384	0.0170404049283956	0.00858271476597973	0.00697844168461798	-4.81582807896203e-05	0.003	-0.000800000000000009	0.000772675515757354
5480	0.0145169628878592	0.0088896370471087	0.0153488589752921	-0.00695110795482441	-0.0014	-0.000199999999999992	-0.00199999999999999	-0.000200000000000006
5520	0.0317016493194527	0.00759809556673912	0.00765877047881593	-0.00427852640393059	0.000600000000000003	0.0048	-0.000399999999999998	0.00159999999999999
5560	0.0211245788523391	0.0119443813606635	0.0057551437804625	-0.00655211073321858	-0.0024	0.000758049745026523	-0.00460000000000001	-0.000399999999999998
5600	0.0290718370537252	0.0261496214769365	0.00954593359428878	0.00947931460935509	0.000441004504485573	0.001	-0.00148049254121579	-0.000200000000000006
5640	0.00751087054046383	0.0131277834399199	0.00739821241926162	0.00307315968220648	0.00154275396594587	8.6540073060748e-05	0.0028	-0.000962222146830699
5680	0.0282275294758174	0.0203366966143341	0.0132947224622221	0.000551020680709113	-0.00110080480808752	-0.000600000000000003	-0.000149376001752188	0.000200000000000006
5720	0.010256129107803	0.0145023576363385	0.0205368644658317	-0.00617573032554269	-0.0024	-0.0018	0.001	-0.00101548244654394
5760	0.0310959846311311	0.0210301264260147	0.0305552967673534	-0.00656413185078713	0.000200000000000006	-0.00255709410034545	0.000400000000000011	0.0048
5800	0.0140891778016642	0.0206639667142574	0.00580958784900931	0.00582010490537572	-0.0016	-0.0024	0.00159999999999999	0.00291645354606608
5840	-0.000790567223561189	0.0196330667793379	-0.00775489086446696	0.00628718554392412	0.0014	-0.00319999999999999	-0.0016	-0.00140000000000001
5880	0.0234278095231285	0.022544166473363	0.00909692590201154	-0.00528642822917477	-0.000600000000000003	0.000399999999999998	-0.00124284730744888	-0.00165910154253815
5920	0.00289880690450477	0.0405808487250073	-0.00128970372170893	0.0108279107579431	-0.00220851640910907	0.00319999999999999	0.00152075704969105	-0.00139044934209297
5960	0.00998751508986222	0.0131696793419551	0.0177364560525754	0.00393417682072976	0.0018	0.00278476971639248	-0.000920725360541205	0.00240000000000001
6000	0.0230230235463955	0.0151701102601012	0.0167668283227959	0.00702016673560575	-0.000799999999999995	0.00285064082169666	-0.00199999999999999	0.000999999999999987
6040	0.0213265347629243	0.0138685729177346	0.0140257615232051	0.0102359678688264	-0.000399999999999998	-0.00220000000000001	0	0.00260000000000001
6080	0.0129293221341478	0.0261465207269401	0.0148682094657519	-0.0108753108037034	-0.000200000000000006	0.0042	-0.000600000000000003	-0.00319999999999999
6120	0.0307232027353701	0.0187463647311395	0.0185534499378048	-0.00503834174211173	-0.00216172482804854	-0.000799999999999995	0.000399999999999998	0.000757419797402709
6160	0.0337134327165556	-0.0139334689182107	0.00626721372761037	0.00577396269638304	0.00339236868165074	-0.00403216161441823	0.000599999999999989	0.0034
6200	0.00862253784314408	0.0390392802064692	0.00692432854187307	0.0197061028087851	0.00120000000000001	0.0034	0.0078	0.000800000000000009
6240	0.0306756249104903	0.032015752035946	0.0146221715806581	-0.00100105670147282	-0.0015885101449619	0.000199999999999992	0.0028	-0.0014
6280	0.0126091385210182	0.0242191650177272	0.0283336364930208	-0.0200778393125035	0.00191279702322925	-0.001	-0.00359999999999999	0.00299999999999999
6320	0.0156771775758538	0.0238066160796266	0.0203351796349002	-0.00371968237020172	-0.0054	0.002	-0.001	0.00280000000000001
6360	0.0190509256687248	0.0265112042261083	0.0082378983468426	0.00818630630301891	-0.0052	-0.0028	-0.00280000000000001	0.00480000000000001
6400	0.0101006643866574	0.0423467425620023	0.0161555616785451	0.0113307534539922	-0.0016	0.00154434219206785	0.00119999999999999	0.001
6440	0.0320474467742861	-0.00363296223803306	0.0244012348576661	-0.00253833464954454	0.000200000000000006	0.00013420299757215	-0.00200086006592827	0.00199999999999999
6480	0.00490070749910007	0.0348799946031898	0.0176291363297814	0.0147270728789019	-0.0062	0.0034	0.00259999999999999	-0.000599999999999989
6520	0.0326025401604788	0.03213012064127	-0.00843456890086319	0.00682550125740409	-0.002	-0.00259999999999999	0.000200000000000006	0.000799999999999995
6560	0.0270756686993112	0.0312083798746003	0.00456273339947944	0.00947514232109365	-0.000600000000000003	0.00168632911627069	0	0
6600	0.0416018413098334	0.0235376381009232	0.00717492603478496	0.0159699400446546	-0.00260000000000001	-0.00219999999999999	0	-0.000200000000000006
6640	0.00250965599105968	0.0207230321587981	0.0212514704086068	0.00614479672417572	-0.00315583052685012	-0.00409422141580927	-0.000268962221871852	0.00151853217289497
6680	0.0105559768612567	0.0115916579411666	0.0176872838906491	0.00621298096609289	-0.00319999999999999	-0.0028	0.000199999999999992	0.00597413349777161
6720	0.0210411337392388	0.0111317564588755	0.0174584034930733	-0.0166147335362807	-0.00120000000000001	-0.000600000000000003	0.000600000000000003	-0.0018
6760	0.0175188980229932	0.0264298513446607	0.0145403473959013	0.0103498802962334	0.00123140175283225	-0.0014	-0.00299999999999999	-0.001
6800	0.0210442369324037	0.0310281052141912	-0.00222582890959505	0.00603399546232564	0.0034	0.000989902826701416	-0.003	-0.00139375999677359
6840	0.038756618720516	0.0104517742610945	0.0207343113802904	0.000724048331616572	0.00142275278291334	-0.00153794087033476	0.000800000000000009	-0.00322385634360545
6880	0.0182234525276928	0.0253284634913142	0.01675734867286	4.4789632422014e-05	-0.000200000000000006	0.0018	0.00320000000000001	0.00299999999999999
6920	0.0349092493735314	0.00903385326491718	0.0106088891142047	-0.00461334928956984	0.00243184436857038	0.00170936730469122	-0.00104289672387615	-0.00199999999999999
6960	0.022614600266721	0.033665386811943	0.00352704373588922	0.0148489829721887	-0.00120000000000001	-0.000600000000000003	0	-0.000600000000000003
7000	0.0219720604856547	0.019798825077852	0.00563518389703349	0.00109885013749639	0.00319999999999999	0.000600000000000003	0.000745625269751429	0.000264194517240371
7040	0.00487505105656473	0.0198484792874494	0.00794777721150512	0.00824266531376926	-0.0014	-0.000755298062863841	-0.0018	0.000859941654688112
7080	0.0139255456189778	0.0304518700028837	0.00952548612597857	-0.0110377862756955	0.0016	-0.000710980829060487	0.000490951687684107	0
7120	0.0257366245398148	0.0192193854511142	0.0130853231893854	0.00432808890655098	0.002	0.001	0.0044	-0.00420000000000001
7160	0.00576961514903752	0.0199560694235154	0.0176898047066381	0.0120709088138684	0.00219999999999999	-0.000199999999999992	-0.000199999999999992	-0.00260000000000001
7200	0.0296107382633511	0.0140808632695145	0.012078985025534	0.003035893888551	-0.00120000000000001	-0.000600000000000003	0.000200000000000006	0.0038
7240	0.0180715108011542	0.0102599168392048	0.013986990266448	0.00876574371565049	-0.00156471892951797	-0.001898385240387	-0.000200000000000006	-0.00313086556054777
7280	0.0150253365161597	0.0228489019077128	0.026122023971325	-6.91367986109526e-06	-0.00260000000000001	1.58705122779434e-05	0.00402064429168528	0.000855596815425921
7320	0.0207692215802346	0.030901585260414	0.0206786715755185	0.00202627583979245	-0.004	0.000185512452381881	0.0024	0.00259999999999999
7360	0.0171910055684759	0.0256431017775051	0.0150321415313255	-0.00135999030365976	0.0014	-0.000609974123838591	-0.0014	-0.001
7400	0.00492685847925584	0.00599468691768759	0.0194367777417514	-0.0128335785681994	0.00460000000000001	-0.0016	0.00205897461341743	-0.000599999999999989
7440	0.0226856007921172	0.0241876648042713	0.0112083096830581	-0.0176808855228244	0.00182487049645073	-0.000568754062502785	0.00120000000000001	-0.00132863973859175
7480	-0.00425372199738647	0.0353075610206331	0.0133328661868734	0.00872763161336226	0.00120000000000001	0.0048	0.00477990461334746	-0.00260000000000001
7520	0.00144977438676276	0.0256051837741472	0.0106217194786893	0.00626263744846302	0.0018	0.00319999999999999	0.00163784515127864	-0.00100553615375397
7560	0.000700872646135192	0.0177663898675645	0.015996698813899	0.00206872237048692	-0.00196237566775517	-0.00146447882377063	-2.3298503706165e-05	-0.002
7600	0.0105129695639017	0.0379033277671774	-0.0016629741931118	0.0157127678915171	0.0018	-0.0038	-0.00199999999999999	-0.00520000000000001
7640	0.0144764930763648	0.013627263952701	0.0179767896407906	0.00276832438842192	-0.0018	0.00256034207155086	-0.00271265072375011	-0.00199999999999999
7680	0.0180121068866207	0.0137882954617028	-0.00463496373075874	-0.0112027664551156	-0.00663781925089801	0.000308848616053431	-0.005	0.00264076240418988
7720	0.0332857284892053	0.0316427672431708	0.000630500479001414	0.0163018903763684	0.000724771587947634	-0.002	-0.000200623443855658	-0.002
7760	-0.00417051998729324	0.0241031557235835	-0.00161994344268643	-0.0118648956273068	0.003	-0.0058	0.000800000000000009	0.0024
7800	0.0304704049167111	0.0150584215319886	0.0154194341740344	-0.00896080940966951	-5.59411482141114e-05	-0.000199999999999992	-0.001	0.001362209803995
7840	0.0230728364019113	0.0364039202239851	-0.00772687841633352	0.0131424275644794	-0.0016	0.0016	-0.00700000000000001	0.00280000000000001
7880	0.0166415777886538	0.029314873446269	0.0237891914987154	-0.00241892967573099	-0.00360000000000001	0.0014	0.00299999999999999	-0.0014
7920	0.0178906157878689	0.0262589907011611	0.00651386835735618	0.0147525170032244	0.00319999999999999	-0.000674808065031909	-0.000600000000000003	0.00126408171172715
7960	0.0148943299315661	0.0188674014506995	0.0115038469824828	-0.00239240194321105	-0.00067699927447705	-0.000799999999999995	0.00299999999999999	-0.000999999999999987
8000	0.0135583655719063	0.0074381134193857	0.0207982950173531	-0.00469267854985864	0.00319999999999999	-0.00260000000000001	-0.00289171571206638	0.000600000000000003
8040	-0.00249104385382207	0.0146521551473842	0.00732019627238527	0.00722437572084742	0.00360000000000001	0.00220000000000001	-0.0042	-0.0044
8080	0.00395510133622187	0.0231006150183153	-0.00221481467228064	-0.000477559864476361	-0.000200000000000006	0.00119999999999999	-0.00319999999999999	-0.000599999999999989
8120	0.0150868892892512	0.0183410714923584	0.0139217255470785	-0.00647845868009992	3.80749693960902e-05	-0.000975620738275451	0.001	-0.0024
8160	0.00987078851316521	0.0229649339755008	0.0300957467121848	0.000918739759497224	0.000799999999999995	0.0016	-0.00149606181790078	0.00119999999999999
8200	0.0171055528667171	0.0167160240048992	0.0142349631072493	-0.0101571274462876	0.000959058289369583	0.000862657285942064	0.00262070022233007	0.00060087269320927
8240	0.0182461856825475	0.00636475799629004	0.0153247793273166	0.00164533170019694	0.000600000000000003	0.0042	-0.000400000000000011	-0.003
8280	0.00380379420815723	0.0287741113684625	-0.00133333225662316	0.00723692759060198	0.000118430257310689	0	-0.00065300235534789	0.00240000000000001
8320	0.026369485176078	0.0192240353215709	0.00479544627381422	-0.0126451477346432	0.00319999999999999	0.0014	0.0021598192124349	0.00357884365888414
8360	0.0218377897545853	0.0160104046108363	0.0206844390343308	-0.00641097367878091	-0.000208037926886687	-0.0058	0.001	-0.00119999999999999
8400	0.011091713753709	0.0292376075619755	0.0123012919767262	0.0118462004253155	-0.000200000000000006	0.000503945382613807	-0.00047536432190437	0.00119999999999999
8440	0.0399517748950636	0.0304628154630231	0.0155029618859355	-0.0136447269722048	0.000600000000000003	-0.0018	6.54251590055527e-05	0.00359999999999999
8480	0.0188281946375355	0.0186991194669237	0.0255931023656643	-0.00650901189623131	-0.00173255393536292	-0.000335150757391961	0.00185813645049371	0.00206593155986022
8520	0.0113564681417797	0.0356804273849953	0.0065923186788048	0.00285837397889067	-0.000487339308492554	-6.79270981096131e-05	0.0052	-0.000199999999999992
8560	0.00488502384206875	0.0180562287869939	0.0120426074803593	0.0114616581708726	-0.00467270895964603	0.00018153445065186	0.00192229072412745	0.000738928967728217
8600	0.0138615640723105	0.0230620941223939	0.0076915608542758	0.00656305507554062	0.00261361123712829	0.000200000000000006	0	-0.000755870363364261
8640	0.0318179172527226	0.0117139392031147	-0.00228845038537488	0.0156802263076537	0	-0.00177422541688081	0.00180000000000001	-0.00295014558094914
8680	0.0225788371410716	0.0179268932775025	0.00546893986676063	0.00796348511895086	0.00323584291662236	-0.0014	0.00140000000000001	0.000599999999999989
8720	0.0340736559211545	0.0231483355134027	-0.001189914267922	0.00944206298642528	0.0014	0.000399999999999998	0.00190246641064758	-0.00320000000000001
8760	-0.00157064206853949	0.0146822996697135	0.0131042920116949	-0.00987401001227452	0.00421205454228576	-0.000600000000000003	-0.000199999999999992	0.000599999999999989
8800	0.0128823407221827	0.0313686153882701	0.0124629681915357	0.0123506202466739	-0.0014	0.0018	0.0023766799643621	0.000598380917425978
8840	0.0107655758788228	0.0147131806781681	0.0224996104653904	-0.00656170665298077	-0.00175660934994398	0.001	0.000200000000000006	-0.0028
8880	0.00792560312053996	0.0227803938211741	0.0114996199397319	0.00633313213976842	-0.00186942445619206	0.00173687510998738	-0.00269702131004285	0.00320000000000001
8920	0.041100430336281	0.0126541148440025	0.0048343589474729	-0.0123934345155436	-0.0014	-0.0076	-0.0024	-0.0042
8960	0.0182362305230942	0.0237091814990159	0.00201533338070556	0.00945690774122031	-0.0028	-0.0024	0.001	-0.000262378320599457
9000	0.0271563568700884	0.0245315796244468	0.014236540753295	-0.0062372699262983	0.0018	0.0016370499165009	0.00075215942868162	-0.0013898321252854
9040	0.0462244564639229	0.026079827786008	0.0106150580079779	0.008783455680494	0.00461117031077038	0.00319999999999999	-0.000400000000000011	0.000400000000000011
9080	0.00783767528363906	0.0276444866250362	0.0091078364934687	0.0126119983312462	-0.000799999999999995	0.000799999999999995	0.0044	-4.98189246495445e-05
9120	0.0224431255971719	0.0251617168720735	0.0177606863244047	0.00238115731786237	-0.00322995686258791	-0.0062	-0.001	-0.00159999999999999
9160	0.0141407017216784	0.0228418004060114	0.00248168502173109	0.00611994092540473	-0.00120000000000001	-0.0014	-0.00120000000000001	0.00180000000000001
9200	0.0157211257261222	0.0200037436488898	0.0138359563855372	-0.00480917052532088	0.000118341378806439	0.00189561438193808	-0.00203604034137987	-0.000944903745591488
9240	0.0285847891319245	0.0280030494389853	0.0165809162214435	0.00879640849206339	-0.001	-0.0024	0.00620000000000001	-0.00480000000000001
9280	0.0262671791228241	0.029852757240642	-0.000602790901612887	0.0126405441163958	-0.000224670168956984	-0.00137574152349353	0.000357013955676735	-0.002
9320	0.030086829408267	0.0303401773108558	-0.000493449352666001	-0.00171682524868681	0.000200000000000006	-0.000600000000000003	0.00260000000000001	0.00214065286871115
9360	0.0214348612034774	0.0135708105924926	0.00572861111033507	-0.00143584339303923	-0.000200000000000006	0.000399999999999998	-0.0044	-0.00434240828608475
9400	0.0216466825322714	0.0332520698992385	0.0211175188501767	-0.0176054413950672	0.000600000000000003	0.0028	0.00119999999999999	-0.00355625568306453
9440	0.00390176985313306	0.0240344035336233	0.0146679680987057	-0.00725892419204684	0.0052	0	-0.001	0.00219999999999999
9480	0.0204291891135241	0.0195456734777376	0.0165979871891805	-0.00238978513210393	-0.000200000000000006	0.001	-0.0024	-0.0016
9520	0.0165407675779048	0.0125240305194926	0.00677554191779633	0.00590228001408627	0.0014	0.000200000000000006	-0.000599999999999989	-0.000999999999999987
9560	0.0364184933767349	0.0177775827318699	0.00823085678862912	0.00182374412315521	-0.000118674194582877	0.0018	0.000400000000000011	-0.00120754189564481
9600	0.0350313983714697	0.021120752330703	0.0110290685705215	0.00126415993751726	0.0018	-0.00052449804551577	-0.00360000000000001	0.000400000000000011
9640	0.00575404769043751	0.0210837438355139	0.00102746658454557	0.00417500840581187	0.0018608237183672	-0.0038	-0.000800000000000009	-0.00232474221491816
9680	0.0292579323638204	0.0130388795126789	0.00351746955061073	-0.0179204832542042	-0.00223374411332726	-0.00020501059666457	-0.00405658453913561	-0.00198103540008665
9720	0.0366832601375295	0.015514482177999	0.0334004276709485	-0.013287253124196	0.00600000000000001	-0.000799999999999995	0.000399999999999998	0.0016
9760	0.0275994505681794	0.028148503452882	0.0184113827384036	-0.0100822219765931	-0.00260000000000001	-0.00373833776330529	0.00280000000000001	0
9800	0.0264628118830493	0.0121743739774313	0.0174324211693481	-0.00893050688928997	0.000668259723426046	-0.000600000000000003	-5.46823718640815e-05	0.00259999999999999
9840	0.0341612296172282	0.0378475780793656	-0.0119276542349307	0.00926097973243573	0.00013121959236051	-0.00213284983126109	-0.00060645912950999	0.000400000000000011
9880	-0.00767455926849352	0.053514369590954	0.0156276231783931	0.0276028370587301	0.00107681863337712	0.00343520961915877	-0.000222176320304093	-0.00305563678600285
9920	0.0262261015741982	0.0412460639578353	0.00829396151989497	-0.0189612596715448	-0.001	0.00111614607604345	-0.00159999999999999	0.00122522422597546
9960	0.0234079345077945	0.0266067844503834	-0.000115999956664406	0.0106109746403925	0.00260000000000001	0.0016	-0.000400000000000011	0.000199999999999992
10000	0.0335338545283875	0.019870357917566	0.00951225422389593	0.000109616107652352	0.00228020809496247	-0.001	-0.00293215952437292	-0.000905350311726533
10040	-0.00689988514937639	0.0188314552253659	0.0244847132356815	0.000750484198038408	0.0058	-0.00360000000000001	0.00192636615391538	-0.00243225402301976
10080	0.0284527651809964	-0.00158485959275534	0.0386647581198669	-0.00611296296742935	0.000799999999999995	-0.0064	0.00180000000000001	0.00354297905234385
10120	0.0469197850882539	-0.00174226856222243	0.0135005278142366	-0.0163890173074366	0.001	0.0018335054838293	-0.0016793371811251	-0.000399999999999998
10160	0.0159330634042141	0.0198493807084422	-0.00112441214609665	0.00383813433883927	-0.000462386571240439	-0.000200000000000006	-0.002	0.00240000000000001
10200	0.0180300326969808	0.0283726573003095	0.0102977288462403	0.0132143866034452	-0.000600000000000003	0.00160686449756564	0.00280000000000001	0.00040924121994243
10240	0.0234276178543569	0.009196268354747	0.00312378008146766	0.00438472657334366	0.00120000000000001	-0.00260000000000001	0.00123479232390276	0.00156159800345909
10280	0.0167616046428769	0.0341909514137105	-0.00122029342907212	0.0108716874484076	-0.001	-0.000600000000000003	-0.00089202054443889	0.00144972277992608
10320	0.0223128586916263	0.0235580577004973	0.00395089198868107	0.00926147912516451	-0.00120000000000001	0.0014	-0.002	0.00120000000000001
10360	0.0253431219287034	-0.0014075561151403	0.0014159735069311	0.0171615698802575	-0.000799999999999995	0.00255595752506997	-0.000608738798434011	-0.00117381046199709
10400	0.0350151175455327	0.0207032073965489	0.00563322356308787	-0.0113018791771997	0.000799999999999995	0.000333118806432026	-0.00140000000000001	0.00219999999999999
10440	0.0163834513505332	0.0317682105047545	0.0219374785697245	-0.00339666119934569	-0.0034	-0.00120000000000001	0.00219999999999999	-0.00144878263713391
10480	0.0276950048973378	-0.0055079890748737	0.0140402667869008	0.00110050065794592	0.000799999999999995	-0.00215338618277237	-0.000600000000000003	0.000200000000000006
10520	0.0176603805975991	0.0200807903683441	0.0180917048240664	-0.0072149290986178	-0.000600000000000003	-0.0022344866796097	-0.000800000000000009	0.000799999999999995
10560	-0.000563199504542949	0.0104566773423599	0.0062893035425296	0.0212252476838703	-0.004	-0.0014	-0.00359999999999999	0.00344497251174042
10600	0.0106172114914557	0.0241326012395651	0.0167742914031606	0.0118196629548181	0	-0.000789405704842608	0.000905261852638423	-0.00140000000000001
10640	0.00975783078090926	0.0304559164035369	0.00319598763667377	-0.00288910848445455	0.00285024178945445	0.00344146875826291	-0.000631656667001976	-0.004
10680	0.0138660358044767	0.0326274026265516	-0.019629624353579	0.0109519825665388	-0.003	-0.00142705833810289	0.00520000000000001	-0.00420000000000001
10720	0.0290346691212287	0.0241918890492367	-0.0105460560683379	0.0219471007507056	-0.0024	0.00259999999999999	0.003	-0.00480000000000001
10760	0.0216389184302741	0.0172900996023632	0.0121776699637424	-0.00491506639447215	0.00185406299685527	0.00260000000000001	-0.000160299104000006	0.000199999999999992
10800	0.0164833763511226	0.0183528168899491	0.0184436497805945	-0.00171256880550574	0.000399999999999998	0.0018	-0.002	2.42537408446097e-05
10840	0.0371995252118162	0.0115879042748343	0.0285776041830529	-0.00975259112851599	-0.000399999999999998	-0.000399999999999998	0.000299830311333724	0.000999999999999987
10880	0.0396114728837014	0.0220594824214221	0.0150965724566568	0.00155900641285815	0.000200000000000006	0.000399999999999998	-0.00147781182429328	-0.00119999999999999
10920	0.0451974658675097	0.0135090498629395	0.00431408843124437	0.00276479828512106	0.000600000000000003	-0.0014	-0.00319903146444886	0.00320000000000001
10960	0.0209987339087067	0.0229448097136806	-0.00936347107905046	0.0060709708624617	0.00319999999999999	0.00193565518589306	-0.00637931683697988	0.0016
11000	0.0197519184496917	0.00740074899567091	0.00538426756761383	0.0127212280971893	0.0014	-0.004	0.00188756993817865	0.00120000000000001
11040	-0.0034288982034551	0.0197658886516813	0.000269429299415161	0.0064025091960658	0.0024	-0.0018	-0.0014	-0.00280000000000001
11080	0.00541059616408507	0.0162019152163101	0.0271281384435514	-0.00996212480116297	0.0042	0.001	-0.000399999999999998	0.00199999999999999
11120	0.0260091118566144	0.02453354349694	0.00928916755881737	-0.00308260145841715	-0.000672350070939701	0.00119999999999999	0.0018	0.000200000000000006
11160	0.00150597667393498	0.0203562747317856	0.014066180014117	-0.00352187057504622	-0.000648715612055276	-0.000399999999999998	-0.000874203636539186	0.000878569178889677
11200	0.00672481699069674	0.0326586959720643	0.00633878340125617	0.00425805063018679	-0.003	-0.0014	0.000600000000000003	0
11240	0.0255733175459704	0.0212661727902665	0.0110909890415238	-0.00476261650608004	0.0024	0.0014	0.00241217378325466	0.00254386449833835
11280	0.0125908627875189	0.0152962715413335	-0.00298365068077876	0.00182857960540213	0.00463657777854881	0.000600000000000003	0.00380000000000001	-0.00492640105989399
11320	0.0301737126704	0.0151949371393063	0.00944065445410601	-0.00507880758646224	-0.00410456614558463	-0.000799999999999995	0.00120000000000001	0.000399999999999998
11360	0.0412598300880098	-0.00336541948159562	0.0152066989254531	0.00752879116722412	-0.00607885626581689	0.00660000000000001	-0.00459999999999999	-0.000800000000000009
11400	0.0116085193330019	0.017250950069263	0.0026723554174297	0.0103482085653279	0.000283285495466426	0.002	0.000399999999999998	-0.000200000000000006
11440	0.0104526922942024	0.026581701413608	0.0109275109329857	0.0129513630785998	0.00209967734197912	0.000501444265929435	-0.0014	-0.00120000000000001
11480	0.0108987774556209	0.0142114035662174	0.0103614144006598	0.00957932040182112	0.00174589257701904	-0.0034	0.000434928960934541	0.001
11520	0.0328627045548846	0.0122916136572291	0.0173764710601786	-0.00683437040100827	0	0.002	-0.00460000000000001	-0.00339999999999999
11560	0.0163833581810349	0.00994794009288598	0.0158843843011778	0.0120429303138679	0.000494857362790202	-0.00187052770476055	0.001	0.00209913555845563
11600	-0.00834490770249482	0.0295211538811361	0.00554901212630135	0.0243623037186419	0.00319999999999999	0.0042	-0.00524410985158517	0.00217427977867324
11640	0.0208002202040937	0.0107064384686603	0.0211593423184346	0.0017067791529101	-0.0024	0.000516683446001392	0.0011322773043749	-0.00359999999999999
11680	0.00818438744061922	0.0283591146568064	0.0191281095080779	-0.0107208080540268	0.0016	-0.0016	-0.00259999999999999	0.00319999999999999
11720	0.0103085266228189	0.0212401659262322	0.00509570209875221	-0.0106459908036411	0.0034	-0.00319999999999999	0.00157334066893622	0.00299999999999999
11760	0.000446329197280146	0.0176437230984261	0.0128377787644856	-0.00592272458417241	0.0016345991565241	-0.0018	-0.0024	0.0035919011972155
11800	0.00694777127348278	0.018879821530633	0.0114725545329806	-0.00329953030548694	0.002	0.003	0.00120000000000001	-0.00420000000000001
11840	0.00471349890457423	0.0136516380769759	0.00707270413961342	-0.00145126588691966	0.00206099918278307	0.00220000000000001	0.00218688901953452	0.00374714458732121
11880	0.00418158247031764	0.02091816036209	0.00182788780491139	-0.000986833606031509	0.0016	-0.000199999999999992	0.000800000000000009	-0.00280000000000001
11920	0.0210902066556789	0.0174531309606624	-0.00514375853561416	0.00629887645984025	0.0014	0.00120000000000001	-0.00322988846789456	-0.00284144256230827
11960	0.00923970684291134	0.0412081754408069	-0.0161216710796624	0.024969032444474	-0.000799999999999995	-0.002	0.0018	-0.00169912151322817
12000	0.0304863077401734	0.016004374630456	0.0116338163730019	0.00530636358536951	0.00370740157568594	-0.002	0.000800000000000009	-0.00129591124068335
12040	0.0157196059827775	0.0230160267952938	0.022863198636443	-0.00858414757987037	0.001	-0.000350250596417731	-0.0024	-0.00119999999999999
12080	0.0188959659866264	0.03549642149936	-0.0195146487002232	0.00776583011869143	-0.004	-0.0042	0.000200000000000006	-0.00380000000000001
12120	0.0436090960680038	0.0127157841628964	0.00960868986277082	0.00387431384690376	-0.000799999999999995	-0.00108227765367301	0.0020640527536509	0.00176190267823195
12160	0.0218008750405548	0.0173433412847108	0.00683208678440669	0.00767052260459831	0.0038	0.004	0.00180000000000001	0.00199999999999999
12200	0.0490597350774742	0.0219604599164699	0.0053553257716045	-0.00402519907621134	-0.000200000000000006	0.00243867953061376	0.000416927295961891	0.00259999999999999
12240	0.0279332577040435	0.0161279230946906	0.00385591406398846	-0.0102663641234566	0.000399999999999998	0.00219999999999999	-0.00165928222588185	-0.00323212628089266
12280	0.0280087831534539	0.0253650692220782	-0.00533745635272295	0.010481013431523	-0.0044	-0.0028	0.000200000000000006	-0.00360000000000001
12320	0.0122914042455459	0.0134282920394057	0.0103074006094467	0.0110851383463958	-0.00283810430993092	0.002	0	0.00367441395725362
12360	0.01046082817549	0.0322284997333203	0.00904672085526431	0.00935777192476067	0.00219999999999999	-0.00203744912524585	-0.00250469771752566	0.00488385309460379
12400	0.00361071132184466	0.0249933562064511	0.0085568050233796	0.00698981417764104	-0.00311462068601906	0.000114343236982381	0.00286898037790272	0.00159295027613324
12440	0.056997737026072	0.0382221815755774	0.00344344418388375	0.00767691062221781	0.000892505807443184	-0.00047723325677429	-0.000758815054242343	0.000199999999999992
12480	0.0208814125916471	0.00501511613778913	0.00756370276085493	-0.00450685453793395	0.000399999999999998	0.0028	-0.00299999999999999	0
12520	-0.00957719595492174	-0.000850714184959425	0.0222034545230874	-0.000170693038246919	-0.002	-0.0042	0	0.000996112881743366
12560	0.0278627975697622	0.0125401842564988	-0.0169904892710118	-0.00824903376188342	-0.0082	0.00360000000000001	-0.00119999999999999	0.00459999999999999
12600	0.0201839790330512	0.0182295953947626	0.0109883448505618	-0.00971548154106683	-0.000799999999999995	0.00559999999999999	-0.002	-0.00399999999999999
12640	0.00448575332355658	0.0161522474859586	0.014116345943551	0.00058350497706177	-0.0010331574326425	0.000600000000000003	-0.00120000000000001	0.0030518578018566
12680	0.0165442547111556	0.0276640092866097	0.00625511615500887	0.00145918002364043	-0.00325750851865579	-0.0014	-0.00114767165482739	0.000799999999999995
12720	0.0288296787677475	0.0166940435989803	0.00979873761568807	-0.0023427592289533	-0.0018	0.000799999999999995	-0.00196360675085538	0.001
12760	0.0403727039764759	0.0124845015037653	0.0212715500553107	-0.00853093756972462	0.000799999999999995	0.0042	-0.000799999999999995	0.00339999999999999
12800	0.0139150382950431	0.0260280184083173	0.0123389595547071	-0.0021210308312439	-0.00131510464753259	0	0.001	0.00120000000000001
12840	-0.000788244301973898	0.0199343299441895	0.0255525905885449	0.00354800042260778	0.003	0.0024	0.00120000000000001	0.00105515328973446
12880	0.0358442951834647	0.01992823395149	0.00734822540540421	0.00817074502321957	0.0016	-0.000445524941355135	-0.00320000000000001	9.05114257997025e-05
12920	0.0247644670802671	0.0260127583589878	0.00112454657477834	0.00777967565383254	0.0018	0.00320000000000001	-0.00219999999999999	-0.00250720376090828
12960	-0.00463023727208747	0.0227847026133905	0.0162773994462568	0.00145539902068569	0.0028442431179749	-0.0042	-0.00159999999999999	0
13000	0.034248850418517	-0.00290015903073342	0.0174515010898861	-0.0219957120587168	0.0052	0.00109886542102527	0.00143694213747114	0.0024
13040	0.0233694988934662	0.021620831187429	0.0128926783746845	0.00647328908345609	-0.00219999999999999	-0.0014	0.000399999999999998	-0.000213114012182797
13080	0.0282585708076186	0.0104281549104055	0.00522565703128189	-0.00383236619132737	-0.0048	-0.0018	-0.00459999999999999	0.00219999999999999
13120	0.00269497310309692	0.0270962687477411	0.0128968143789074	0.00905062074226562	0.00382464216042235	-0.00430835673392171	-0.00539999999999999	-0.00420000000000001
13160	0.0147902328253852	0.0111344690081986	0.0149850233608574	0.00376168592983772	-0.00164015809655245	0.00259999999999999	0.000800000000000009	0.000600000000000003
13200	0.0193078332536563	0.0465884775049939	0.0102586083507508	0.0232905750905604	0.000600000000000003	0.000799999999999995	0.00159821020334608	-0.00660000000000001
13240	0.0211834277955612	0.0147725186224692	0.0190171796742453	0.00227819910507405	-0.0017426398565992	-0.0028	0.000863274022690041	0.000791289545508028
13280	0.0199021659858281	0.0171097309434203	0.0118588337944271	-0.00833190250727776	-0.000399999999999998	0.000363603645155822	-0.000157116166914092	-0.000599999999999989
13320	0.0262844208832108	0.0129634236275613	0.0186367942137807	-0.0122156687635019	-0.0024	-0.000399999999999998	0	0.0062
13360	0.0344786490957441	0.0336426278006384	0.00443458752451956	0.00800797509702829	-0.0034	-0.00119999999999999	0.002	0.000800000000000009
13400	0.0317293860674378	0.0116966767657223	0.0104510008770228	0.0140885108242734	-0.000200000000000006	-0.00066534777859853	0.00120000000000001	0.000656784602117641
13440	0.0397731156839329	0.0297540720103566	-0.00652878801345923	0.0081975930481011	-0.0052	-0.0014	-0.00280000000000001	-0.000193962873725223
13480	0.0240239389165582	0.0276538130297492	-0.00014417651477043	-0.0199801540994957	0.000200000000000006	0.0018	-0.0014	0.000947922077861013
13520	-0.000635096110865763	0.0148779708027513	0.0114544232205987	0.00497084677193661	0.00260000000000001	0.0014	0.00180000000000001	0.000800000000000009
13560	0.00900152914741736	0.0228988080954644	0.00848636548127817	0.00238217913480605	-0.0018	0.001	-0.000600000000000003	-0.0014
13600	0.0282564604601321	0.0216085470512174	0.00625437803775612	0.00694940147943713	0.00174929071888351	-0.0028	0	-0.00140000000000001
13640	0.0158825972670334	0.0167961866069251	0.0230853506173306	-0.00766852821976736	0.00199809539744827	0.000199999999999992	-0.0024	-0.00159470919102772
13680	0.017316504139832	0.0233354518917341	0.0161398223640289	0.00818582042029146	-0.000102312953658049	-0.0058	0.00120000000000001	-0.00202279689130691
13720	0.0279694263242718	0.0264762162473887	0.00448010720734195	0.00673686455454812	-0.0028	0.0018	0.000200000000000006	0.00159999999999999
13760	0.0187512911305343	0.0171810481234669	0.0205038761152469	-0.00685715366992565	-0.0034	-0.0018	0.000550995935709273	0.00399999999999999
13800	0.0270552127676369	0.0174830368517324	0.0171346837104591	-0.0173425630639349	0.00319999999999999	-0.0016	0.00320000000000001	0.0052
13840	-0.0017951690337807	0.0276774922571714	0.0131362664146223	-0.0104335233859784	-0.00108092800938407	-0.00120000000000001	0.00349470825029631	-0.00359999999999999
13880	0.0380986720892572	0.0254251428223351	0.020777896995724	0.00201408223607109	-0.00319999999999999	-0.00120000000000001	-0.0024	-0.00204800715769968
13920	0.0162439370256626	0.0118131710442756	0.0260247779674726	-0.0105943427779901	0.00561268165974704	0.000600000000000003	0.000600000000000003	-0.000200000000000006
13960	0.00458339807097666	0.0356263483150314	0.00759539680620917	0.0101697937664358	0.000795951077855669	0.00351234378224921	0.00012883727432797	0.00129153063275923
14000	0.0104848816811456	0.00906008183717576	0.0197801505344984	0.00231358498942687	0.00360000000000001	0	-0.00359999999999999	0.000599999999999989
14040	0.0272819736030587	0.00774417553008727	0.0201099788974094	-0.00865258657149001	-0.000200000000000006	-0.001	0.000799999999999995	-0.00339999999999999
14080	0.0360793041898583	0.0290504940727828	0.0204117160198036	-0.0172019143853893	0.000600000000000003	-0.00119999999999999	-0.00199999999999999	-0.00109399431792608
14120	0.00557725664673454	0.0228139428759938	0.00887010979013023	0.0100502974118883	-0.000799999999999995	0.00120000000000001	-0.00119999999999999	-0.00220000000000001
14160	0.00814690764505101	0.0240468765520594	0.0118543381987815	0.00179647113761154	-0.00277192009865722	-0.00120000000000001	-0.00140000000000001	0.00404652144289393
14200	-0.00611354317280556	0.0209186338870042	0.0176898262447957	-0.00142260050104904	0.000600000000000003	0.000959078818885711	0.0024	-0.0024
14240	0.0300940793693478	-0.00431612406087854	0.0145787061435853	-0.00941723406899041	0.0018	0.00623327693291403	0.00120000000000001	-0.000600000000000003
14280	0.0532605234494077	0.0193937958124978	0.00687339076058706	-0.00927135137047005	-0.00191902787326401	0.00125091202634818	0.00259467656370317	0.00159999999999999
14320	0.0369554557341373	0.0176735603173363	0.010818390270544	-0.0119803395142659	0.002	0	0.00620000000000001	0.00299999999999999
14360	0.0271217565463639	0.00978414750959227	0.00966664790037038	0.00165423620608498	0.000799999999999995	-0.000799999999999995	0.000400000000000011	-0.000813670712994249
14400	0.00758383639217583	0.00972814340729111	0.0190175070108276	0.00187588589830731	0.000903676014460772	-0.002	-0.000905964021490083	0
14440	0.0331934857591561	0.0164675209316975	0.023881865699079	-0.0116658079145988	-0.00219999999999999	-0.000799999999999995	0.000429351447847032	-0.00199999999999999
14480	0.0178559874203453	0.0246602822490195	0.00387308828597456	0.0102316124563537	-0.000200000000000006	-0.000863538669417172	0.0038	0.002
14520	0.0155738112581053	0.0225447567122879	0.0178231095427594	-0.00882434889575732	0.00600000000000001	0.00220000000000001	-0.00499999999999999	0.00439999999999999
14560	0.00633052953379404	0.0166311299410863	0.018165899459213	-0.00043770234746069	0.00218759086549053	-0.00260000000000001	0.001	-0.00175195321338248
14600	0.0341166930833088	0.0250753968436105	0.0101300915774364	-0.00272189092058798	-0.0038	0.00253978054816924	0.0034	-0.00439999999999999
14640	-0.0123305412417565	0.039922634231029	0.0130328710440134	0.0319345522933703	0.00260000000000001	-0.00459999999999999	-0.00599999999999999	-0.0074
14680	0.0283628831697264	0.0237530299763642	-0.00248349349754089	0.0220070256052405	0.0020457560277818	-0.00319999999999999	0.0035450985187942	0.00320000000000001
14720	0.0173455984992471	0.0336441052447254	0.011934648193859	0.00380867316171928	0.00120000000000001	-0.00254280597418136	0.00374495284841617	-0.000400000000000011
14760	0.0175058839425311	0.0238773609639841	-0.0034199361558736	-0.00122516950309135	0.001	0.000600000000000003	0.00027153441912281	0.000399999999999998
14800	0.00747584360581011	0.0300602249604327	-0.00271586540876539	0.0140266050408462	0.000321385301156468	0.00119999999999999	-0.0016	0.003
14840	0.00940142017516724	0.0369778537139999	-0.00173960135127893	0.00830643593060069	-0.00120000000000001	0.00459999999999999	-0.000200000000000006	0.003
14880	0.0334142657694885	0.0168569978714639	0.020231782818472	0.00496348685958172	-0.0024	0.0031650861786328	-0.00259999999999999	0.0038
14920	-0.00224762865630398	0.0281198532501293	-0.00403769124192178	0.0222144972758667	-0.001	-0.00151919038508191	-0.00319999999999999	-0.00179085933367601
14960	0.0208009766767121	0.0285835006996379	0.00949982732131427	-0.00498169100790492	-0.00312934761537891	-0.00118180464226196	-0.00259999999999999	0.000599999999999989
15000	0.00408194342140329	0.039618185603963	-0.00992933660273589	0.00968555087789212	0.00219999999999999	-0.004	-0.000599999999999989	-0.0054
15040	0.00565551013273	0.0356399529149444	0.0100702753303755	0.000623708959448917	0.0034	0.000475893915487441	-0.0031852408475221	0.00171145790424757
15080	0.0100615555222873	0.0224441260905193	0.0169431685756532	-0.00371734154214545	0.0038	0	0	0.00499999999999999
15120	0.0178024998972043	0.0263522492495316	0.0123870808956613	0.00421454787507068	-0.0024	0.000600000000000003	-0.000167085365663733	-0.00120000000000001
15160	0.0244325649168621	0.0275169239499558	0.0204289657058572	-0.00496239848914385	-0.0018	-0.0014	-0.00399999999999999	0.00399999999999999
15200	0.0306071208294564	0.00660350086542645	0.00458831686675325	-0.00290580016236566	-0.00144277130289745	-0.00342605582982003	0.00119999999999999	-0.00165366752266759
15240	0.0244510250230941	0.0201686907930569	0.00455523003084667	-0.0125925688273907	0.00128948496314583	-0.0016	-0.00211180146655783	0.00259999999999999
15280	0.0268264541671392	0.0203118923519174	0.0153536643711253	-0.00970391874136768	0.000600000000000003	-0.000632164248581146	0.00168158089305262	-0.00125864183617778
15320	0.00967885698516023	0.0207945646562415	0.0128945185829084	0.000234532720384921	0.00260000000000001	-0.0018	0.000800000000000009	0.000400000000000011
15360	0.0124714648253708	0.029519101322082	-0.000709190329850728	0.0158012715564531	0.000399999999999998	-0.000119638320605644	0.00280000000000001	0.00175374765583197
15400	0.0438089351121786	0.0193626694070929	-0.00312456773662671	0.00157598964217612	0.00319999999999999	-0.0016	-0.00180000000000001	-0.0018
15440	0.0235816747803713	0.028606612428723	0.0100596847891188	0.00153354044859533	0.000799999999999995	-0.000306979313715691	0.000369906182570087	-0.00119999999999999
15480	0.026884221194484	0.0212006244483722	0.0234722616750878	-0.000641828906432135	-0.001	-0.000199999999999992	-0.00599999999999999	0.00259999999999999
15520	0.0148787532345815	0.0180049926947679	0.0193391851106885	-0.00876647161514571	0.0074	0.0018	-0.00559999999999999	-0.00158622207400907
15560	0.0122009603337945	0.0344659764975998	0.0248312023995096	0.00179322107044009	0.00360000000000001	0.000199999999999992	-0.00319999999999999	0.00219999999999999
15600	0.0289489048077762	0.0113589027516776	0.0151960955421001	-0.00548915697446371	0.00319999999999999	-0.00320000000000001	0.001	4.44643455824734e-05
15640	0.0119758989114676	0.0183967179503633	0.00665901543591287	0.0112614229448251	-0.000600000000000003	0	-0.000599999999999989	-0.000149904981550292
15680	0.0206741737246855	0.0315818397727826	-0.00361234070299343	-0.00479717719789314	-0.00128430479801082	-0.00323207850629545	-0.00119513101766776	-0.0018
15720	0.0436536652766471	0.0127044446504199	0.020165032279808	-0.00689227278041514	0.001	0.00360000000000001	0.0048	0
15760	0.0265523842958538	0.0306090192277979	0.00432643131056312	0.00358310428900281	-0.00360000000000001	-0.00497937825995665	0.0024	-0.0016
15800	0.0156252866956116	0.0196694176050465	0.00233578973152396	0.000715957137216477	0.0034	0.00371141132111297	-0.002	0.00183725872333815
15840	0.0170550004472382	0.00297944726877254	0.0162897141335128	-0.00447335055252435	-0.000582052440436728	0.00320000000000001	-0.000599999999999989	0.000399999999999998
15880	0.0315916442936779	0.0171160887737737	0.0186103042788983	-0.00312660312932943	-0.0014	0.000900604564282551	0.0058	0.000599999999999989
15920	0.0207333628796734	0.0196160798663599	0.0072153128028975	0.00589095888459042	0.001	-0.0016	0.00180000000000001	-0.00140000000000001
15960	0.0257384527698908	0.00881531959203079	0.00295756047350809	0.00233260768972243	-0.0044	-0.00305740863444864	-0.001	0.000200000000000006
16000	0.0216383188877073	0.015453702277612	0.0140561825755601	0.00276235733105816	-0.000799999999999995	-0.0016	0.00159999999999999	-0.0016
16040	0.0308607092786744	0.023354624341643	0.00934856968642164	-0.0103513999245828	-0.0014	0.000799999999999995	-0.00220000000000001	-0.0028
16080	0.0344227322458666	0.031162836522322	-0.000927238499942334	-0.00450348413867067	-0.00397141167721712	-0.0044	-0.0018	0.000240564198466256
16120	0.0147681227914046	0.0165484353256192	0.00782220518229423	-0.000563676362028566	0.00258786033377169	0.002	0.00166565518955707	0
16160	0.0219145519152672	0.015754370831641	0.00352029199121956	0.00291756204791133	-0.00120000000000001	0.00117729080023857	-0.00460000000000001	0.003
16200	-0.0117791338083074	0.0385970484514048	-0.00846032604684689	0.0216052197405485	-0.00376784225854568	0.0028	0.00299999999999999	0.00404408094990864
16240	0.0197873488395153	0.010939356625785	0.00871128488362863	0.0112035069054797	-4.69207293418983e-05	-0.000600000000000003	-0.0048	0.00420000000000001
16280	-0.00259574915967199	0.014575031991426	0.0177144644916958	0.00527445029753908	0.0018	-0.000467589157260279	-0.00286896415706479	0.0016
16320	0.0102640986006445	0.0299088295900334	0.0135983626677225	-0.0140203733251633	0.00120000000000001	4.49782393833337e-05	-0.000278262800271462	-0.0014
16360	0.01724373174112	0.0273904713543473	0.00542921681712157	0.0100715477493961	0.0018	0.00219999999999999	0.0028	0.000800000000000009
16400	0.0211545635500395	0.00919969451657296	0.0116969120376992	-0.0179538798316724	-0.00700000000000001	-0.0028	-0.000711490751674426	-0.0023726949023211
16440	0.0259088738793188	0.0164270598354624	0.00899894415551016	-0.00720886271279936	0.000910065302771532	0	0.00167921540912944	0.000354539899493841
16480	0.00483169063315798	0.0275305806347457	0.0162724228726932	-0.0121425933656259	0.0058	-0.0016	0.000600000000000003	0.00259999999999999
16520	0.00861371136263644	0.0169491148259083	0.00196133453428597	-0.00453422132978736	0.0048	-0.0014	0.000216473426636679	0.0014
16560	0.0067337427786284	0.00191911583680637	0.0304977848690653	-0.00316500258365753	0.000200000000000006	0.0058	0.000800000000000009	0.000484848889159228
16600	0.0280298878320558	0.0337449382997556	0.007079667975128	0.00811572383082583	0.00523300606197143	-0.00192812242132863	-0.00220000000000001	0.00120000000000001
16640	0.00632755987743368	0.0396905580334033	0.0119965612476595	0.00113040622639486	0.00246622872591822	0.00237036139524423	-0.0014	0.000168700681716455
16680	0.034995359449558	0.0167159594052534	0.0299837992153131	-0.0140796472743235	0.002	0	-0.0024	-0.00359999999999999
16720	0.0286756764772484	0.00584442602631463	-0.00213437686220097	-0.00345867987893059	-0.003	-0.0028	-0.000800000000000009	0.000800000000000009
16760	0.0114281601585512	0.0188864121169724	0.016925393021329	0.00101599886719955	-0.00260000000000001	0.001	-0.002	0
16800	0.0239887954647313	0.015290124042716	0.0218310372248646	0.00678872367012765	0.003	-0.00320000000000001	0.00259999999999999	0.00140000000000001
16840	0.0122926786673133	0.0214871488191144	0.0108919824254948	0.00570695869410982	0.00302639117395515	0.000778994375117539	-0.00248465639480945	0.00127052277697148
16880	0.0299690866518261	0.0185611062952264	0.0171782405654683	0.00334290572670849	-0.002	0.000799999999999995	0.000200000000000006	0.0010177111249999
16920	0.0256781465400145	0.012917205232449	0.00973344132993785	-0.00535740908771058	0.0014	-0.0024	-0.00131591895788985	0.00120000000000001
16960	0.0201984209970962	0.0223331776273199	0.0188534395192232	0.00862338324987846	0.000799999999999995	0	-0.000599999999999989	0.00166166969400355
17000	0.0195827228058315	0.0107560422809032	0.00742707321785341	0.0164211810537846	0.000799999999999995	0.000399999999999998	-0.00424607896098653	-0.00135771107523135
17040	-0.002467706065515	0.0283818801660475	0.0128135584041979	0.00358184603068753	-0.0020842961771616	-0.00115911141462832	-0.00103686409255274	-0.0014
17080	0.0159065003055251	0.0124214657784953	0.0238754881382521	-0.00458684928153763	-0.0034	-0.00119999999999999	0.000617979060820686	-0.000200000000000006
17120	0.0205990587660606	0.0136499494637808	0.00401266668850446	0.00360293961036648	0.000399999999999998	-0.00160082413356373	-0.000400000000000011	0.004
17160	0.012918399906847	0.0369523234583271	-0.00213517548264473	0.0227660744209579	0.00145500114544357	0.0054	-0.00299999999999999	0.0054
17200	0.0364754005978553	0.0171552947522252	0.0110932988932092	-0.0148462433321832	0.000433049562006987	0.00303479612767671	7.50116590907679e-05	0.00112546919076682
17240	0.0153275889028223	0.0269868648732382	0.00596392683543573	0.0144493403408475	-0.00149940675852409	-0.000200000000000006	0.000895530652868917	0.000442412224131952
17280	0.0172009476189621	0.00560416146918626	0.0105909393093639	0.00277136583533709	0.00179175450911634	0.00560000000000001	-0.00036897999177983	0
17320	0.0139653380713	0.0239314579638794	0.0117344243943143	0.0232932107630606	0.00261739359277634	-0.0016	0.00180447096815742	-0.00577366344755771
17360	0.0213790654661248	0.0384076402808091	0.00770195985382914	0.00377298855153872	0.0016	0.000399999999999998	0.0034	0.000999999999999987
17400	0.0433501013240223	0.0282387038645084	0.0090866637274884	0.00301554655267122	-5.74636730436839e-05	-0.002	-0.000200000000000006	-0.00159999999999999
17440	0.0147604006946348	0.0199522311977161	0.00420376237667915	0.00721940691767909	-0.000700936565836668	-0.0014	-0.00260000000000001	-0.00200418451932705
17480	0.00972067062980832	0.0317885782768707	0.0237604235989362	-0.00397403846214792	-0.000424303489564792	-0.0028	-0.000800000000000009	-0.000943407746663918
17520	0.0266815138800864	0.0257036465137257	-0.000562807826525055	0.00241380435205004	0.001	-0.00169720282004203	-0.00275961631966022	0.0024072619953041
17560	0.0234990087578708	0.026215618901164	0.0159856883819802	0.00304368545100197	-0.000504253610264155	-0.00064702772732822	-0.0014	-0.00260000000000001
17600	0.016993846846294	0.045794411280296	0.00676970922271751	0.0191236662909094	0.0038	-0.00320730355178353	0.00280000000000001	0.000758736390050696
17640	0.0277042876065504	0.0169055707937991	0.00614246688314701	0.00834117022952723	0.00120000000000001	0.00260000000000001	-0.0014	-0.00180000000000001
17680	0.0206494735303482	0.0117192271034022	0.014898318680148	-0.00195756042343377	-0.002	0.00238693213880464	-0.000800000000000009	0.00159999999999999
17720	-0.000979996438891143	0.0235345563984313	0.012642365966097	0.0162127745555001	-0.000200000000000006	0.000600000000000003	0.00149166752863897	0.00120000000000001
17760	0.0365382803713112	0.0160808126614178	0.0390959423955796	-0.00688563102841037	0.000200000000000006	-0.001	0.0024	0.0024
17800	0.0330261845983895	0.0264286524703993	0.004412644090204	-0.00204214161490372	-0.001	0.0084	-0.0024	-0.00119999999999999
17840	0.0353797075123902	0.0350591567268846	0.0012599402395137	0.00194003671992354	-0.00694146618129481	0.0018	0.00140000000000001	0.000799999999999995
17880	0.00550829629674038	0.0219303125179033	0.0068987870345099	0.00203660457944584	0.00319999999999999	-0.000912341344935425	0	-0.00180000000000001
17920	0.0282844188429349	0.0193794723311999	0.00767531961823001	-0.00377208624899808	-0.00360000000000001	0.0016	-0.000373470800083556	0.00573010952646932
17960	0.0159432217861062	0.0384415741684903	0.00792854245150898	0.00463026828342902	-0.000200000000000006	-0.00120000000000001	-0.003	0.00119999999999999
18000	0.0292435393497443	0.0101112081118386	0.0154478948849609	-0.00514448609478777	0.000455001872351687	0.000121155004609436	-0.0022848836172579	-0.0011413060311663
18040	0.0195972182366568	0.0148045167620097	0.0130143443015085	-0.0189103549787352	-0.000600000000000003	-0.00455610153315635	0.00325769519686471	0.0038
18080	0.0346808502940767	0.0141989920975959	0.0278381709060626	-0.0154805479896582	0.0016	-0.003	0.000100422708106881	-0.00159999999999999
18120	0.0247818473400771	0.0153626511062981	0.0119005509503814	-0.00671477780735212	-0.002344318283654	-0.00117468742869752	-0.00303099664252866	-0.00180000000000001
18160	0.00343970029589308	0.0308344734874687	0.0154085434493846	0.00390473071920887	0.00133145219467663	0.0018	-0.00153518368136644	0.00215930130969397
18200	0.0280158652737891	0.0187402631420662	0.0213479597808703	-0.00357299671377742	0.00170717141457141	-0.000777786692600396	0.0024	0.00299999999999999
18240	0.0245267515035028	0.0190817843212059	0.0190551064651533	-0.00219433509306933	0.004	0.0018	0.00600000000000001	0.00226778490827526
18280	0.0144382969678922	0.0299465184434838	0.00522834296935881	0.0155738126868615	-0.00337587864808254	-0.002	-0.00120000000000001	0.000600000000000003
18320	0.0174696855362969	0.00601323905683179	0.0179478524501434	-0.00806287432392774	-0.00121549938170327	-0.000561965276072912	0.00293803998775981	-5.00778771765631e-06
18360	0.0139660798168834	0.0446632256299248	0.00182547415868978	0.00748512529364108	0.00075134218349189	-3.71344066267126e-05	0	0.00125497826894554
18400	0.0434001103771645	0.0275040220158635	0.0166591677994926	0.0192940248037132	0.0038	-0.000336911785485339	-0.00171176652755627	0.00039244676863949
18440	0.0167776969309096	0.0259039913248887	0.00616876459770962	0.0215017890497278	0.00131823936871246	0	0.000892071387482249	-0.00282003113922934
18480	0.0202667943878731	0.0327615779890374	0.0106640333515114	-0.00835553242694965	-0.000399999999999998	0.0042478999638263	0.000336424578933375	0.00140865345133213
18520	0.0246351336360257	0.0286324285923581	0.00643566905084118	0.0051735101772252	0.002	0.000799999999999995	0.00220964013005712	-0.000241187591169714
18560	0.0398330229095831	0.0183162226817466	0.00017484220683095	0.0130057143554887	0.00244587358097903	-0.00120000000000001	0.00260000000000001	-0.000199999999999992
18600	0.0258782439298798	0.0201406934069936	0.0133762604412756	-0.00604506310092287	-0.000413329304437202	0.000600000000000003	-0.000992140931738522	0.000200000000000006
18640	-0.00586442859342563	0.0359823071770371	0.00133715476295064	0.0192288110080531	-0.000134662720202683	-0.000610208397365544	-0.000435510024086108	0.00198695851604447
18680	0.0464138663041657	0.0218799069148724	0.0141038028027535	-0.0318094724018062	0.00111600050111914	-0.000200000000000006	0.000399999999999998	-0.00684350416258517
18720	0.0295727254896981	0.025397022190401	0.00977675166672892	0.000807479814058175	-0.0016	-0.00320000000000001	0.000974497299434468	0.0018
18760	0.0171660211434718	0.00797523717281264	0.0195704141111648	-0.00512097772556554	0.00567901039865518	0.00220000000000001	0.005	-0.002
18800	0.0280960638563681	0.0175875960245045	0.00829190342021011	-0.00248343768163768	-0.0016	0.0018	-0.002	8.88683804236151e-05
18840	0.0429322135994124	0.00374411347104148	0.00867803394154072	0.00775181451822084	0.0044	-0.00212012021319974	0.00213384092005856	-0.00190440787148265
18880	0.0171955375513517	0.043617793867559	-0.00145689310608058	-0.00402481235449202	-0.00260000000000001	0.00367275825762843	-0.00118384024626121	-0.000537223800605766
18920	0.0188033199390507	0.0137388834875341	0.0129117410397006	0.0037339090493894	-0.0044	-0.0025789394511303	0.00219999999999999	0.00270268106950118
18960	0.0437397199523996	0.0222270880572442	-0.005038162105467	-0.00555912755541133	-0.0048	0.001	-0.0074	0.0016
19000	0.0270760277047024	0.0139883844092709	0.00751104835709593	0.0100690786809143	0.003	-0.0038659108408209	-0.00140000000000001	0.00460000000000001
19040	0.0487623799209484	0.0304638748430167	0.0253899725438579	-0.00143231468747539	0.00169200871916472	0.000799999999999995	-0.000799999999999995	-0.000132607231705564
19080	0.0127899508946075	0.00919447567496146	0.0159090483873303	-0.000925699797046729	0.001	0.000579103615167609	0	-0.000614604078367678
19120	0.0316228894223006	-0.00277159350176699	0.0144268237972548	-0.016285889363242	-0.00120000000000001	0.00560000000000001	0.0016	0
19160	0.0283179647619635	0.0159468111505503	-0.00618458929363	0.0195150715014791	-0.000799999999999995	-0.0010413910387307	0.000799999999999995	0.00530383398077582
19200	0.0135730453803241	0.0418301401183523	0.00145999364659741	-0.000256048822284347	-0.00260000000000001	0.00279323508558156	0.00220000000000001	-0.000200000000000006
19240	0.0356038241151823	0.0284703734587843	0.0107280725082884	-0.0139541684817021	0.00120000000000001	-0.00217006210575921	0.00280000000000001	-0.0028
19280	0.00306392672538335	0.0117281375734703	0.00972436796492013	-0.00736184454667206	-0.00161189011694128	-6.7843311263277e-05	0.00687630527732046	0.0038984358487482
19320	0.0145407133832693	0.0274585595761627	0.0203342996598453	-0.0109246799520668	0.00360000000000001	-0.00360000000000001	-0.00140000000000001	-0.0014
19360	0.0354721472448695	0.0358662418308143	0.0122201142604142	-0.0012491439899972	-0.00245319054593644	-0.001	0.000800000000000009	0.000615080633387485
19400	0.0319426848001533	0.00352916719635639	-0.000492088998631943	-0.026996669782138	-0.000600000000000003	-0.00136207075537204	0.000399999999999998	0.00197348420838922
19440	0.0418839562681514	0.00714076031869355	0.00982681991760515	0.00123587494070965	-0.00164895589119368	0.0012624165339576	0.0014825411023678	-0.000999999999999987
19480	0.032247683451414	0.0150463341206918	0.0136255401519127	-0.00730159693376969	0.00330128400421535	-0.000399999999999998	0.00360000000000001	0.000570346432936658
19520	0.00549612932138455	0.0281912581414707	0.0018448024890808	0.00614772933595314	-0.0044	0.00089423003973621	0.00120000000000001	-0.000437667953724977
19560	0.0157521149815491	0.0190324829678092	0.0146270207686408	0.00224310249201899	0.000399999999999998	-0.00220000000000001	-0.000800000000000009	0.004
19600	0.0345842542314119	0.0130336565823125	0.0128681349026939	0.00212333746583093	-0.000959654565146864	0.00371923726910535	0.000351665730393302	-0.00159999999999999
19640	0.00851657480643594	0.0145681437122962	0.00514755176415237	0.0188057310726768	0.00145584540835143	-0.00208984708853056	0.00305023064130884	-0.00420000000000001
19680	0.0152802896603789	0.028071516876227	0.0166929438056797	0.00502243512198302	-0.00147557062273099	-0.00120000000000001	0.0028	-0.000399999999999998
19720	0.0315631167359809	0.0209630703103305	0.00313027281301524	0.00513409038590076	0.0048	-0.00120000000000001	-0.00296436431846084	0.00380000000000001
19760	0.0141430084212559	0.0236911986382552	0.0200856259577089	0.00905430634751411	0.001	0.000199999999999992	-0.00150341600540928	0.003
19800	0.0215012600563049	0.0239753545871357	0.00967438788621061	-0.00299299622661953	-7.60379208902262e-05	-0.000399999999999998	-0.000946710071144136	-0.000400000000000011
19840	0.00932862208783962	0.0227608562731555	8.34249648784535e-05	0.00740868164584009	-0.00162235681917537	-0.000148788825305682	0.000400000000000011	0.000400000000000011
19880	-0.00657239350996204	0.0209401931143115	-0.00995819495159148	0.00141216467523253	-0.00469973986836814	0.00119311683086559	-0.000200000000000006	0.00125710885497926
19920	0.00955870922827533	0.0231889319933299	0.00992539924714364	-0.00570888220698244	0.00219999999999999	0.0038	-0.00101246205115316	-0.00119999999999999
19960	0.0101515471478685	0.0218303040794309	0.0150344340087817	-0.00130794245065487	0.000958471980134476	0.001	-6.69156078391825e-05	-0.0024
20000	0.0299000514147013	0.019893375865047	0.0179983309462039	-0.0236898354978257	0.002	-0.00120000000000001	-0.000400000000000011	-0.000625230861024922
20040	0.0173147837252971	0.014702359483087	0.00608364936346772	0.00135589600883933	0.000200000000000006	-0.000124759720915302	0.00159356083886247	-0.00352597929704294
20080	0.00160103875083416	0.0228507495046618	0.0152125580318793	0.0046260073547453	0.0024	-0.0018	0	0.00110632391722698
20120	0.00264408733447641	0.035047465544452	0.00316856262489593	-0.00157019229513816	-0.00093417987695496	-0.00365477878927264	-0.000600000000000003	-0.000199999999999992
20160	0.024870714242353	0.0112440140527249	0.0331058242008661	-0.00526454701178058	-0.000200000000000006	-0.00320000000000001	-0.000600000000000003	0
20200	0.0104808616334471	0.00925814527173704	0.0282553884661014	-0.0126125677790824	-0.000799999999999995	-0.00280800617312482	0.000591302782614558	-0.00047810397618836
20240	0.0149326240166513	0.0166775405726503	0.022612344858992	-0.0136104111234768	0.0018	0.000399999999999998	-0.000799999999999995	0.000999999999999987
20280	0.0228410655711079	0.00785948515173673	0.0140622329400446	0.00297044882536739	0.00360000000000001	-0.002	-0.00119999999999999	-0.00140000000000001
20320	0.0132406964109735	0.0222575324659663	0.00998371122434603	0.00851223760677827	0.00182146677510774	0.000600000000000003	0.00120000000000001	-0.00170154989771762
20360	0.0348015326164194	0.0325158601949409	0.0229327000478367	-0.000594764417896021	0.002	0.001	0.00260000000000001	-0.00563359763889471
20400	0.0096561033330194	0.0225711503684657	0.0157054431256475	0.0119856971364951	-0.00171517101629191	-0.001	0.00382206843816298	0.0016
20440	0.0100466813264658	0.0203760982674803	0.0105625756446197	-0.0193145860707144	0.00120000000000001	0.000294015598836392	0.000229173129340232	0.00319999999999999
20480	0.00460006077103543	0.0268438518533501	0.000814868930546928	-0.00103582942157453	0.0024	0.000170974615038025	-0.000200000000000006	-0.000400000000000011
20520	0.0166420377223931	-0.00063732460401747	0.0194731872944489	-0.0196477883116909	-0.0018	-0.002	-0.002	-0.0014
20560	0.030930805596658	0.00613055385020171	0.0135107467453055	-0.00163250189401112	-0.00398023152089566	-0.00260000000000001	-7.59629077551061e-05	-0.00318246812043076
20600	0.0131951059016265	0.0178729741547504	0.0186145178193222	0.00898527459817065	0.0016	0.0015653628923263	0.000200000000000006	-0.00074410523818412
20640	-0.00503951376290794	0.0313397891301059	0.00466396982026573	0.0162593133567869	0.00163447752368565	-0.0104433820136777	0.0034	0.0044
20680	0.0139366609225609	0.0238910087424944	0.00807018905231405	-0.00392753988093936	0.00105834904684074	-0.00198956848344373	-0.00245015034592568	0.00120000000000001
20720	0.0236206863931979	0.0189821597237782	0.0107168300146643	0.00494184659982515	-0.000759212139035431	0.0016	0.000399999999999998	-0.000600000000000003
20760	0.016940137510573	0.020699763662502	0.0108546835441017	0.00125812077497105	-0.0028	0.0016	-0.00515796515761704	-0.000400000000000011
20800	0.0132727802508979	0.025044269116068	-0.00124257582142122	0.0176127056788974	0.000399999999999998	-0.000399999999999998	-0.00140000000000001	0.00320000000000001
20840	0.0269414950747879	0.00561025935379984	-0.00395023806166886	0.012220682746048	0.00484910223459424	0.0014	-0.00120000000000001	0.00560000000000001
20880	0.0289371453222073	0.0128306036961945	0.0280787748023128	-0.00505414776084918	-0.00120000000000001	-0.0033187157845417	0.00360000000000001	0.000200000000000006
20920	0.021448667798853	0.0149335319086954	0.0183103592816842	0.000895424705029707	0.002	0.000200000000000006	0.000399999999999998	-0.00038424777525696
20960	0.0421764159614064	0.0181510152101501	0.0042683619170711	0.00224779726795274	0.00226552209729274	0.000331604781088776	0.0024	-0.0014
21000	0.0145045727056152	0.038337618840318	-0.000500554078755044	0.00589787209888511	0.001	0.00350474861486101	0	-0.0018
21040	0.0160900972858557	0.0279267562479493	0.00619837808798414	0.0207952145256989	0.000243101523827269	0.000324101126443876	0.00257646540152341	-0.00360000000000001
21080	0.0470842248352398	0.028084695326523	-0.00218587721376734	0.0114636183073717	-0.0018	-0.000199729931197906	-0.0024	-0.000599999999999989
21120	0.0144549554202873	0.0188923601589649	0.0157238588732226	0.00257446861344448	-0.00219999999999999	0.000399999999999998	-0.000856572400023514	0.00120000000000001
21160	0.0166182541113522	0.0245480216547487	0.00590398392224631	0.00889133571967608	-3.22539617136908e-05	0.00119999999999999	0.000157697878210655	0.000399999999999998
21200	0.0115137179180558	0.0384077560046422	0.00466494982024017	0.0113317012827695	-0.00260000000000001	0.0058	0.00159999999999999	0.000400000000000011
21240	0.00282032295676263	0.0135962625132504	0.0158704057975677	0.00075973362607229	-0.0024	0.0031648069198868	-0.000799999999999995	0.000800000000000009
21280	0.0341289512377018	0.0105022368242781	0.00434561624309318	-0.018769504395873	0.000200000000000006	0.00120000000000001	0.000758055240576094	0.0058
21320	0.0236061022878431	0.0133689748796575	0.00684781662774062	-0.00378757091604223	-0.00498110775752741	-0.000399999999999998	-0.000799078832810399	-0.00106465996633742
21360	0.0280016823291476	0.0100501036291749	0.00642058295554093	-0.00415343532210109	-0.000856466482546947	-0.00234586996656015	-0.00260000000000001	-0.00199999999999999
21400	-0.00416158843012467	0.0295444750091716	0.0148361215736353	0.00287907542745508	-0.00331826581928536	-0.00424814588161609	0.000600000000000003	0.00159999999999999
21440	0.0255867930309211	0.0225008524156465	0.0257161323199972	-0.0113893696205517	-0.000399999999999998	-0.000600000000000003	-0.000199999999999992	0.000200000000000006
21480	0.0162086425373498	0.016704182097469	-0.00346382270913392	0.0132995935127034	-0.001271956474762	0.000481164748355384	0.00159999999999999	7.5707276259232e-05
21520	0.0227148837372563	0.0312122705576866	0.00343873581157547	-0.00686387364909495	0.00143895208255353	-0.000303525701847329	-0.0021556620208345	-0.00379121031340351
21560	0.0317816930083912	0.0192573136336479	0.0026476698635186	-0.0066314342477594	0.0021367145496264	-0.002	0.000800000000000009	0.00299999999999999
21600	0.0118396794693021	0.0129027821018598	0.00974678331606135	-0.00150826685658311	-1.0773046569601e-05	-0.00504464708629072	-0.00120000000000001	-0.00380000000000001
21640	0.00557978454048623	0.0267998499602266	0.0165248254726759	0.00678642830182978	0.0054	-0.000799999999999995	-0.00499999999999999	-0.00280000000000001
21680	0.0287457635559107	0.0229452715475496	-0.00864281234132312	0.00560396370220946	-0.00319999999999999	0.000799999999999995	-0.005	0.00255190633157981
21720	0.0345865751731206	0.0226886827993126	0.00689555145951069	-0.00358891906024473	0.0038	0.0014	-0.0022617870246574	-0.00298692126316483
21760	0.027506020466116	0.0190699812937491	0.0208952395863556	-0.00590586171940208	0.0024	0.00220000000000001	0.00140000000000001	-0.000800000000000009
21800	0.0257732573981532	0.0122812560875962	0.0112735093675724	0.00159041490580044	0.00065539589280586	0.00560000000000001	0.000200000000000006	-0.00180000000000001
21840	0.0163523998817557	0.0134793758901305	0.0118228509358456	-0.00502736521785786	-0.000799999999999995	-0.0024	-0.00336177900771382	0
21880	0.025592642426524	0.015163559336656	0.0214899162778376	-0.0232735765272536	0.00290718261694065	0.00360000000000001	0.00458163791309472	0.00199999999999999
21920	0.00197846660796408	0.0277475342938555	0.0197133952810456	0.0104399938538853	0.00120000000000001	0.000399999999999998	-0.00120000000000001	0.0044
21960	0.0161318129831186	0.0202010678986123	0.0101251304065271	-0.00448712104694528	0.0014	0.0014	0.003	0.000199999999999992
22000	0.0351716946722745	0.023867002140971	0.00385925654252427	0.00953663099531046	-0.0028	0.000199999999999992	-0.002	0.00240000000000001
22040	0.0316304746303272	0.0105773611708535	0.0199066433962728	-0.00864382970413546	-0.0034	0.0014	0.0034	0.000599999999999989
22080	0.0197087781223143	0.0213773029912494	0.014601413806386	0.00858196861126542	0.00260000000000001	-0.0048	0.000200000000000006	-0.000599999999999989
22120	0.0180030174327738	0.0156196745890142	0.0101420504463586	-0.0225761971442804	0.00187845373842337	-0.00319999999999999	-0.000766176419654624	0.000145646576932404
22160	0.0226856704559952	-0.00401994655608235	0.0211329358131141	-0.0141639104138748	-0.002	-0.00272091117985752	0.000125261019724376	0.000400000000000011
22200	0.0160956505328997	0.0230526312043892	0.0159336879296787	0.00451805192397425	-0.001	0.000199999999999992	-0.000200000000000006	-0.000399999999999998
22240	0.0201586972366612	0.0151393588085086	0.0164439803216927	0.00618815659604252	-0.00319999999999999	-0.00460000000000001	-0.000200000000000006	0.00140000000000001
22280	0.0100119657907293	0.0339525961094161	0.00686353704935819	0.00897502380309835	-0.000830250146592257	-0.00174973066724463	-0.00393450083495278	0.00153548477573848
22320	0.0324576517289496	0.0252701852484298	-0.0036532411677883	0.00750034941707039	-0.0014	0.0014	0	0.00140000000000001
22360	0.0382016717645485	0.0241087130285756	0.00641403857723327	0.00379046423350989	-0.00366105661242461	-0.000199999670210671	-0.000800000000000009	-0.000400000000000011
22400	0.0257575249996907	0.0150946227573003	0.00808955878944904	0.0106768826211502	-0.0016	-0.000594941493651191	-0.00259999999999999	-0.000843015011249199
22440	0.0257892638693454	0.0271931974742558	0.00980567523549782	0.0105045337349082	-0.000799999999999995	0.0016	-0.00460000000000001	0.00259155025005578
22480	0.0343025433918907	0.0210379313936285	0.0025668372707892	-0.00516304608204669	0.001	-0.000799999999999995	-0.00360000000000001	-0.000599999999999989
22520	0.017426751999341	0.0386447478901089	0.0194191128456499	-0.00152459291632492	-0.00120000000000001	-0.00493524692767006	0.000200000000000006	0.00219999999999999
22560	0.0305968229299027	0.0298895144605016	0.00307191678510899	0.00756195425367214	0.00149849263947542	0.00172760766883812	0.001	-0.00286363973160293
22600	0.0307906959460931	0.0351259521161934	0.02080512558347	-0.018898273424831	0.00291888330718981	0.00599999999999999	-0.000861230424662573	0.000274155326948716
22640	0.0404163870096369	0.00734178960709657	0.0101585747887583	-0.0100040442881039	-0.0018	0.000799999999999995	0.00180000000000001	0.00359999999999999
22680	0.0149986412256701	0.020792858853505	0.0163528397419196	0.00787393738755414	0	-0.0042	0.00028304307859689	-0.00351643122567137
22720	0.0180237995065795	-0.000372952369163307	0.0119873479661128	-0.00479228032057998	0.00341794734586286	0.00130696820602488	0.00075628626249985	-0.000400000000000011
22760	0.0093066550788246	0.02984945156805	0.00895852655071741	0.00578228269152098	-0.00186263166989524	-0.000399999999999998	-0.000880834046961362	0.001
22800	0.0127431219770695	0.0156725774457105	0.0260154440468362	-0.00423372563002444	-0.0016	-0.000723350863521224	-0.000965796765412974	-0.00119999999999999
22840	0.0116567447647338	0.0179356718458513	0.0116644559796168	-0.00564392077487594	-0.0018	0.00120000000000001	0.0029642140020351	-0.00027923848503536
22880	0.0113674767313267	0.0265604677403915	0.00974492625518829	0.00524993649613205	-0.0038	-0.000199999999999992	0.00360000000000001	-0.00280000000000001
22920	0.0164086749812812	0.029985489233167	0.0265048293056317	-0.00808502222478937	0.000799999999999995	-0.000600000000000003	-0.00172451837784256	-0.0052
22960	0.021380612081709	0.0413320035362749	0.00957833229890227	0.00897007392312327	-0.0074	-0.0068	0.000600000000000003	0.000999999999999987
23000	0.028647201554347	0.0142583475514404	0.00540560544647085	0.00487454686191261	-0.00360000000000001	0.0016	0.00140000000000001	-0.00320000000000001
23040	0.017486095963067	0.0309266822946	-0.00729449953288783	0.03526907693439	0.00227100240149969	0	0.0012153267846584	0.00480000000000001
23080	0.0229792817572533	0.0180423810913876	0.0145522970410497	0.0032492592432971	0.000799999999999995	0.0014	0.002	-0.00460000000000001
23120	0.0415534335734979	0.0237493602710439	0.0142650197609422	0.000790949271346125	-0.002	-0.0016	-0.00153348671898032	-0.000999999999999987
23160	0.0177075109865315	0.0187864458129445	0.0167497866918783	-0.000834449077218469	0.0038	0.00358536112933854	-0.0016	-0.0018
23200	0.0281703590478286	0.0311099004582868	0.0274648534472443	-0.000137939249446196	-0.000303058445852059	-0.000636953186493858	0	0.000768700483871856
23240	0.0101498028656508	0.0299326203839167	-0.000627603129574467	0.00965485239695018	0	-0.0008994736251106	-0.000425728909194178	0.00259999999999999
23280	3.04525084043467e-05	0.0238135205442484	0.00698867675063171	0.00843955712772999	0.0034	-0.000799999999999995	0.00342036871717363	-0.00248993910023571
23320	0.0207823774836064	0.00780302307369428	0.0144333614418462	-0.0208985461179857	0.00106103085201079	-0.0016	-0.00179549137114755	-0.000999999999999987
23360	-0.000580416120559007	0.014888391558278	0.0131649718723883	0.0108327505899191	8.73196997788622e-05	0.00260000000000001	-0.000580300047209756	0.00563176664879302
23400	0.00929112084639402	0.017061037253497	0.0166170625952282	0.000535412379057076	-0.0054	-0.0042	-0.0048	-0.0014
23440	0.0229340347666021	0.0138352596439895	0.0205954339377283	-0.00198560784009881	0.00291931841411008	-0.003	0.002431096887407	0.000999999999999987
23480	0.0156499251351845	0.0298834401217107	0.00186693468950398	-0.000618508355541177	-0.0042	0.0018	-0.00140000000000001	-0.000399999999999998
23520	0.0236714879395203	0.0248846593815643	0.0233327386330497	-0.00474790037671992	-0.00260000000000001	0.00216298727716413	-0.0016	-0.0014
23560	0.028721801679545	0.00159922590186941	0.022758605659592	-0.00519595128240663	-0.000799999999999995	-0.002	-0.00816481015138429	-0.00319999999999999
23600	-0.0073978895019108	0.0378969452812974	0.0204095534017874	0.0059798199119703	0.0042	-0.00173924036404978	-0.0044	0.00119999999999999
23640	0.018526222687012	0.0340347786220863	0.0190576920528467	0.00400466861681802	-0.000297970880483639	-0.0028	0.000600000000000003	0.00105343447365827
23680	0.0204031526544352	0.0143844030716742	0.0123428213620365	0.00465606679405842	0.00215568619474925	-0.000199999999999992	-0.00320000000000001	0.002
23720	0.0424974696573179	0.0178759615399693	0.0111572233802123	0.0138654925891864	0.0024	-0.00220000000000001	-0.000800000000000009	0.00225064497084328
23760	0.0113957394177397	0.0315705103037488	0.0102180908230308	0.0100138900312287	-0.00327348009070172	0.00211760452388136	-0.00159722911638446	0.001
23800	0.0181392847848245	0.0337889314277919	-0.0097341967627062	6.71894761759134e-05	-0.00120000000000001	-0.00124846117351896	0.0016	0.00119999999999999
23840	0.0132752516065742	0.0119805586270727	0.00793383833439455	0.00429085769572828	-0.00494664754197013	0.000799999999999995	-0.000200000000000006	-0.000199999999999992
23880	0.0156579702897263	0.0252152498366336	-0.00067150385978193	0.00256473510895432	0.00700000000000001	-0.0044	0.00140000000000001	-0.0016
23920	0.0301122436184581	0.0357284010781834	0.000787785305908006	0.00671531098572946	-0.00219999999999999	-0.0034	0.0034	-0.000800000000000009
23960	0.0169296224906957	0.00392733199811583	0.00917666187352381	0.00314024625515429	-0.001	-0.00120000000000001	-0.0018	0.000199999999999992
24000	0.00281090033771002	0.0205856681473138	0.0139682234032249	-0.0140629651078121	0.0058	-0.000600000000000003	0.002	0.0014
24040	0.0238057814755741	0.0235838813409071	0.00589095225514441	0.0102821943440049	-0.003	0.0028	-0.00360000000000001	0.0016
24080	0.0136146795588626	0.0287265322001058	0.0117882120636325	0.00278618417043702	0.000399999999999998	0.0014	-0.00180000000000001	0.00120000000000001
24120	0.0303975622441953	0.0190030192228835	0.0125966631890822	-0.0103363945352319	-0.00260000000000001	0.00560000000000001	0.00520000000000001	-0.00240000000000001
24160	0.0184682092103495	0.0180252249991332	0.0265226663961255	-0.0101309480942753	0.000144919096228685	-0.0030058159175354	-0.000199999999999992	0.001
24200	0.0163214649490681	0.0141630654258951	0.0269643551359768	0.00259939615679233	0.00592457957604681	0.0034	0.004	-0.0014
24240	0.0166947661510505	0.0281519257709815	0.0110042041762654	-0.0175806463787823	-0.000799999999999995	-0.000399999999999998	-0.00199999999999999	0.000999999999999987
24280	0.0164567111142085	0.027825223197651	0.0121240094243916	0.0140812739044819	0.0018358652415225	0.00120000000000001	0.0016	-0.00267437863605341
24320	0.0176515939928607	0.0137066887774935	0.00824599575042111	-0.00540235109182281	0.0016860802712248	-0.0016	0.00180000000000001	-0.00260000000000001
24360	0.0169587782954601	0.00858275813078186	0.0055786378699737	-0.0131361789674504	0.00105411018230642	-0.000799999999999995	-0.00462151968336652	0.00218731539095204
24400	0.0206682864546906	0.0133241663161156	0.0212828235199242	-0.0234888694874819	-0.001	0.00103718832103986	-0.0044	-0.000261849000815079
24440	-0.00769866296973509	0.0295330392668034	0.00798023304046112	0.00355922623289992	-0.00623581181380921	-0.000200000000000006	0.0028	0.000200000000000006
24480	0.0202605567717607	0.015110680302969	0.00727359885603712	-0.0190374059066941	-0.0016	0.00900000000000001	0.004	0.00642276059708369
24520	0.0215689832803702	0.00939009162498999	0.0142893885879139	0.0112996581900712	-0.000399999999999998	0.00360000000000001	0.00380000000000001	0.000369358382157528
24560	0.0245447678219135	0.0272812685031801	-0.00792968253172135	0.00806497451790341	-0.00260000000000001	-0.0028	0.0054	-0.00380000000000001
24600	0.0224466294976629	0.0144992616853313	0.00844715652344762	0.00301906616266072	-0.000845079930576559	0.00139858580067137	-0.000136424688126843	0.00141223031897267
24640	0.00592480266394406	0.0244874612985079	-0.00242221608700768	0.0123283640161339	0.00107112027205743	0.0011848416016548	-0.003	0.00140000000000001
24680	0.0254063079643022	0.0233757295123536	-0.0281992412536791	0.0103769016543317	-0.0014	-0.00418995817881015	-0.00433931825034109	0.0036037140374026
24720	0.0165043375191678	0.0204449712308545	0.0172341038161396	-0.0107439190118385	-0.0025367152820627	-0.000200000000000006	0.00140000000000001	0.00169274348961516
24760	0.0451274271108717	0.031722728680066	0.0131698210924867	-0.00762857384830977	0.00216586904897298	0.0018	0.000799999999999995	-0.00147641488037813
24800	0.0130477537690146	0.0260864133213362	0.00500679984683237	0.00384339257809126	0.0030492223551714	0.000600000000000003	-0.0024	0.000905823455506855
24840	0.0181335486961688	0.0228570221858591	0.00976905891088012	-0.00513541972752658	-0.0018	-0.000199999999999992	0.00360000000000001	0.00259999999999999
24880	0.0182306512741231	0.0136301308344427	0.00332607053040909	0.00122906309429121	0.000292721921615183	-0.00260000000000001	-0.000516712978206213	-0.000199999999999992
24920	0.0103703654051115	0.0202177946674893	0.00946508053955328	0.00783223797103503	-0.000375351811441743	0	0.0018	-0.00460000000000001
24960	-0.00945917027571436	0.0317193951359006	0.00770323211099246	0.00162678840312337	0.000799999999999995	0.000446814324117389	-0.000886143756873112	-0.000599999999999989
25000	0.0108949964971793	0.018364458939277	0.0304977503444431	-0.00131707915382413	0.0076	0.0028	0.002	0.00119999999999999
