gen	lnl	s0	s1	tau	alpha_r_library_1	alpha_r_library_2	alpha_r_library_3	alpha_r_library_4	spike_probability	inactive_mean	inactive_variance	active_mean_component1	active_mean_component2	active_variance_component1	active_variance_component2	weight_active	weight_within_active_component_1	weight_within_active_component_2
150	-30006.5489	-0.126	-0.018	0.2891	3.832	0.0865	0.4109	2.0481	0.0121	-1.3611	1.1083	2.6245	4.0614	1.55	1.55	0.782	0.9518	0.0482
200	-29222.9711	-0.2213	-0.0193	0.311	4.426	0.0865	0.5096	2.0481	0.003	-1.3978	0.898	2.6245	5.1335	1.55	1.55	0.774	0.9821	0.0179
250	-27705.2542	-0.3288	-0.0208	0.3449	4.426	0.101	0.6336	2.0481	9e-04	-1.345	1.0559	2.6014	5.3443	1.4329	1.4329	0.7766	0.9698	0.0302
300	-26466.9595	-0.43	-0.0211	0.3453	4.7895	0.1129	0.9319	2.729	6e-04	-1.376	0.9167	2.6146	6.702	1.462	1.462	0.773	0.9923	0.0077
350	-25391.6442	-0.5935	-0.0221	0.4029	4.7895	0.1336	1.2014	2.7982	1e-04	-1.3684	0.9393	2.6218	7.0224	1.462	1.462	0.7576	0.9898	0.0102
400	-23900.0419	-0.6553	-0.0232	0.4067	5.0835	0.2056	1.5382	3.5403	0.0134	-1.4295	0.8933	2.6218	6.6729	1.462	1.462	0.7506	0.9836	0.0164
450	-20436.7922	-1.0542	-0.0293	0.3944	5.0835	0.2056	1.6221	3.5403	0.0066	-1.4829	1.2664	2.6465	6.3469	1.6141	1.6141	0.7427	0.9905	0.0095
500	-18584.2097	-1.3972	-0.034	0.4412	5.1501	0.2056	2.1796	4.2672	0.0041	-1.564	1.4902	2.6777	7.129	1.5768	1.5768	0.7306	0.991	0.009
550	-16627.478	-1.8634	-0.0518	0.5898	6.2515	0.2676	2.1796	4.2672	0.0011	-1.5833	1.6056	2.6873	6.6061	1.6301	1.6301	0.7328	0.9883	0.0117
600	-15311.226	-2.202	-0.0791	0.7486	9.3289	0.2676	2.1796	5.1633	7e-04	-1.5836	1.8451	2.7033	7.0221	1.6011	1.6011	0.7045	0.9884	0.0116
650	-14509.8494	-2.3192	-0.1302	0.8355	9.4917	0.2676	2.2514	5.1633	0.0026	-1.7445	1.6923	2.6505	7.2982	1.6866	1.6866	0.7192	0.9933	0.0067
700	-14007.8451	-2.5151	-0.1798	1.0471	9.7689	0.2706	2.5739	7.2753	0.0087	-1.6839	1.6647	2.6888	7.2605	1.6514	1.6514	0.7246	0.9957	0.0043
750	-13453.5907	-2.475	-0.1879	1.0235	9.7689	0.3416	3.4786	7.7618	3e-04	-1.6425	2.1402	2.7202	7.6092	1.5854	1.5854	0.7211	0.9901	0.0099
800	-13136.0519	-2.4696	-0.246	1.0899	11.2803	0.3416	3.7648	7.5054	0.0078	-1.6703	2.3156	2.7258	7.2134	1.5965	1.5965	0.7156	0.9952	0.0048
850	-13137.9121	-2.4165	-0.2957	1.1108	11.2803	0.351	3.7648	7.5054	5e-04	-1.5187	2.2389	2.7635	7.5037	1.4969	1.4969	0.7033	0.9908	0.0092
900	-12607.8838	-2.2068	-0.3372	1.0486	11.8147	0.5085	6.0361	8.2916	0.0067	-1.69	2.2889	2.7135	7.2531	1.5392	1.5392	0.7103	0.9894	0.0106
950	-12259.3092	-2.1413	-0.3494	0.9797	11.8147	0.5945	8.655	8.2916	0.0098	-1.6911	2.0463	2.679	7.1936	1.5792	1.5792	0.7139	0.9925	0.0075
1000	-12059.7428	-2.1088	-0.357	0.9397	12.848	0.6992	8.655	9.1126	0.0238	-1.7354	2.4618	2.6912	6.8513	1.5841	1.5841	0.7205	0.9917	0.0083
1050	-11708.2344	-2.068	-0.368	0.9323	12.4706	0.9281	10.8212	9.5071	0.046	-1.6153	2.4732	2.6807	7.5049	1.6131	1.6131	0.6948	0.9936	0.0064
1100	-11998.4222	-1.9644	-0.3679	0.8652	13.2889	0.9664	10.8212	8.5514	0.0483	-1.5242	2.3413	2.6991	7.9178	1.6506	1.6506	0.6967	0.9945	0.0055
1150	-11594.104	-1.954	-0.3756	0.871	13.0934	1.2797	12.4181	10.0631	0.0469	-1.692	2.1681	2.692	6.9992	1.5791	1.5791	0.7077	0.9895	0.0105
1200	-11419.7685	-1.9618	-0.3658	0.8308	13.0934	1.5351	12.1434	8.6317	0.0508	-1.6508	2.2611	2.7413	7.3547	1.6605	1.6605	0.6898	0.9864	0.0136
1250	-11446.5535	-2.0154	-0.3554	0.838	14.6807	1.5351	12.1437	9.9861	0.0494	-1.4608	2.4391	2.7601	6.4583	1.5569	1.5569	0.6782	0.9878	0.0122
1300	-11308.5556	-2.0706	-0.3501	0.8857	15.7776	1.5351	12.8446	9.9861	0.0748	-1.3223	2.4756	2.8389	7.1638	1.344	1.344	0.6695	0.9898	0.0102
1350	-10818.2066	-2.0631	-0.3529	0.8862	14.5439	3.0125	12.8446	9.9861	0.0528	-1.4604	2.6406	2.7701	7.4028	1.4221	1.4221	0.6759	0.9914	0.0086
1400	-10732.6083	-2.0398	-0.3489	0.8343	14.5439	4.3224	12.3005	9.9861	0.0525	-1.5221	2.5699	2.7947	7.1819	1.4637	1.4637	0.6776	0.9893	0.0107
1450	-10719.4203	-2.0547	-0.3523	0.8476	14.5439	5.2835	12.4307	9.2825	0.0818	-1.4719	2.4943	2.7754	7.5565	1.596	1.596	0.6887	0.9946	0.0054
1500	-10589.4315	-2.0094	-0.3481	0.8262	16.1799	11.0328	13.034	10.9723	0.0635	-1.5004	2.9323	2.7562	7.0101	1.558	1.558	0.6833	0.9922	0.0078
1550	-10385.6533	-2.0717	-0.3536	0.8711	17.0164	11.0328	13.9761	10.9723	0.0726	-1.5561	2.8717	2.7294	6.9223	1.5744	1.5744	0.6827	0.9897	0.0103
1600	-10544.1805	-2.0232	-0.3616	0.8402	17.6998	12.5432	15.3434	12.076	0.0749	-1.5475	3.2669	2.7384	6.8509	1.5703	1.5703	0.6818	0.9886	0.0114
1650	-10447.1271	-2.0541	-0.3664	0.9103	16.9336	12.5432	15.3434	12.076	0.0625	-1.5641	2.8847	2.7888	7.2054	1.4861	1.4861	0.6767	0.9906	0.0094
1700	-10613.8069	-2.0548	-0.3467	0.8641	17.802	12.5432	15.6344	12.076	0.0714	-1.728	2.7616	2.743	7.2473	1.5797	1.5797	0.6825	0.9909	0.0091
1750	-10412.0522	-2.0162	-0.3651	0.8599	19.9499	12.5432	15.2359	12.1807	0.0878	-1.6045	2.6845	2.7335	6.7428	1.609	1.609	0.6861	0.989	0.011
1800	-10352.6052	-2.0548	-0.3504	0.8779	19.9499	12.5432	15.2359	12.1807	0.0873	-1.8181	2.2934	2.6943	6.6531	1.6066	1.6066	0.7038	0.9869	0.0131
1850	-10348.3618	-2.0795	-0.343	0.837	19.9499	13.3213	17.7462	12.1807	0.087	-1.771	2.3853	2.673	6.927	1.7077	1.7077	0.7139	0.9915	0.0085
1900	-10245.4977	-2.0173	-0.3541	0.8217	19.9499	13.3213	17.7462	12.1807	0.1193	-1.8599	2.1232	2.6981	7.5388	1.7756	1.7756	0.7213	0.995	0.005
1950	-10417.2264	-2.0765	-0.3475	0.8692	19.9499	13.8295	16.4804	12.1807	0.1181	-1.6551	2.2007	2.7549	6.9537	1.5761	1.5761	0.7006	0.9898	0.0102
2000	-10452.7094	-2.0454	-0.3527	0.8381	19.9499	13.8295	15.6708	12.1807	0.0759	-1.7096	3.1789	2.7118	7.01	1.6007	1.6007	0.6827	0.9943	0.0057
2050	-10392.6507	-2.0247	-0.3582	0.8405	18.9253	14.2339	16.9399	13.02	0.0494	-1.6327	3.1287	2.7427	6.6174	1.5177	1.5177	0.6819	0.9846	0.0154
2100	-10403.0271	-2.085	-0.3399	0.8499	20.9226	14.2339	16.9399	13.02	0.0459	-1.4942	4.1356	2.8286	6.4967	1.5207	1.5207	0.654	0.9901	0.0099
2150	-10519.539	-2.0846	-0.3424	0.876	21.3424	14.2339	15.8167	12.794	0.0529	-1.3865	3.9734	2.8367	6.9726	1.4038	1.4038	0.6395	0.9895	0.0105
2200	-10581.4734	-2.0934	-0.3573	0.8935	20.741	14.2339	16.9839	11.3881	0.0717	-1.3379	3.4995	2.8319	6.5858	1.4351	1.4351	0.6578	0.9868	0.0132
2250	-10527.9728	-2.1114	-0.3342	0.8798	20.5642	14.2339	17.9414	13.3053	0.0537	-1.376	3.7229	2.8831	7.4116	1.3283	1.3283	0.6448	0.9888	0.0112
2300	-10527.5317	-2.0229	-0.3465	0.8434	18.5987	13.3624	15.7273	13.7748	0.0638	-1.4627	3.6565	2.8038	7.0393	1.4152	1.4152	0.6617	0.9909	0.0091
2350	-10538.4275	-2.0385	-0.3395	0.8181	18.4651	12.5702	16.4642	13.5365	0.0827	-1.35	3.3585	2.8279	7.5614	1.4636	1.4636	0.6455	0.9936	0.0064
2400	-10551.1674	-2.0647	-0.3291	0.8412	18.4651	13.8165	15.727	12.1554	0.0777	-1.5889	2.8239	2.7562	7.309	1.5088	1.5088	0.6814	0.9915	0.0085
2450	-10420.8265	-2.012	-0.3541	0.8019	16.7003	13.8165	16.7746	11.527	0.0656	-1.5807	2.8552	2.7415	6.7516	1.5247	1.5247	0.6913	0.9897	0.0103
2500	-10395.5121	-2.0424	-0.3599	0.8536	16.7003	12.91	16.8371	12.8761	0.0735	-1.5198	3.0625	2.7562	6.2538	1.4264	1.4264	0.6697	0.9824	0.0176
2550	-10396.1346	-2.0859	-0.3595	0.8791	17.2808	12.91	17.1769	11.8992	0.0813	-1.4541	3.1124	2.7841	6.6971	1.4807	1.4807	0.6721	0.9921	0.0079
2600	-10369.826	-2.1141	-0.3529	0.8978	16.5846	12.4576	15.9751	11.0896	0.1003	-1.6697	2.3179	2.7435	6.5757	1.6298	1.6298	0.6941	0.9891	0.0109
2650	-10399.7149	-2.0446	-0.3617	0.8709	18.5044	12.4576	15.6077	11.0896	0.082	-1.778	2.5045	2.7114	7.5273	1.7213	1.7213	0.7152	0.9949	0.0051
2700	-10639.5023	-2.0552	-0.3556	0.9001	17.9704	12.9479	15.7809	10.8777	0.0986	-1.6144	2.1872	2.7481	7.7508	1.5651	1.5651	0.6938	0.996	0.004
2750	-10512.4882	-2.0724	-0.3562	0.8921	17.1423	13.6617	15.6717	12.6527	0.0816	-1.656	2.7106	2.7416	7.9014	1.6175	1.6175	0.704	0.9958	0.0042
2800	-10518.7824	-2.0692	-0.345	0.8824	16.9907	13.6617	15.6717	12.6899	0.0944	-1.6517	2.512	2.6988	7.3399	1.5641	1.5641	0.6858	0.9928	0.0072
2850	-10384.7873	-2.1015	-0.3707	0.9343	19.1142	13.6617	15.2115	12.6899	0.0827	-1.6688	2.6284	2.7175	6.528	1.467	1.467	0.7024	0.9862	0.0138
2900	-10420.7379	-2.0728	-0.3627	0.9115	18.8296	12.6065	16.9997	13.4404	0.1118	-1.5833	2.4829	2.7876	6.4636	1.5522	1.5522	0.6898	0.9896	0.0104
2950	-10423.5409	-2.0391	-0.3671	0.876	17.7594	12.6065	14.6423	13.2468	0.097	-1.6698	2.6255	2.7481	6.4656	1.4463	1.4463	0.6851	0.9818	0.0182
3000	-10603.2458	-2.0044	-0.3592	0.8357	17.7594	14.3208	15.1327	13.0391	0.0739	-1.6264	2.9308	2.7346	6.6799	1.5264	1.5264	0.6862	0.9877	0.0123
3050	-10539.0093	-2.0344	-0.3457	0.8565	17.838	12.2708	15.2522	12.1981	0.0716	-1.5671	2.7776	2.7964	7.0146	1.4347	1.4347	0.6701	0.9912	0.0088
3100	-10467.2421	-2.0857	-0.3546	0.8949	18.6471	12.3458	15.2522	13.3263	0.0666	-1.4909	3.0551	2.8069	6.7082	1.4298	1.4298	0.6746	0.99	0.01
3150	-10570.8287	-2.0608	-0.3664	0.8976	16.7343	12.8949	17.5807	13.3249	0.0426	-1.4495	3.0627	2.7729	6.4039	1.4595	1.4595	0.6632	0.9838	0.0162
3200	-10495.0825	-2.0328	-0.3562	0.8578	18.5097	12.8949	15.6893	13.2513	0.0536	-1.3401	3.5624	2.7995	6.9866	1.473	1.473	0.6586	0.9861	0.0139
3250	-10487.2158	-2.0923	-0.347	0.9002	19.0669	12.8949	17.0192	12.1887	0.0667	-1.5114	3.3006	2.7951	6.3303	1.4331	1.4331	0.6707	0.9875	0.0125
3300	-10485.05	-2.0185	-0.366	0.8549	17.9986	12.1951	15.377	12.1016	0.0707	-1.2595	3.9988	2.8137	6.6497	1.4056	1.4056	0.6433	0.9884	0.0116
3350	-10460.2936	-2.02	-0.3627	0.852	17.7897	12.6521	15.1015	12.5515	0.093	-1.4722	3.2591	2.8063	7.1268	1.4043	1.4043	0.6685	0.9915	0.0085
3400	-10448.8146	-1.9863	-0.356	0.8006	17.4252	12.8187	15.1015	12.571	0.0727	-1.3937	3.4627	2.7737	6.5941	1.5275	1.5275	0.6516	0.9905	0.0095
3450	-10541.2629	-1.9965	-0.365	0.8461	18.1698	12.8187	16.2923	12.571	0.0673	-1.2194	3.2895	2.886	7.4304	1.2617	1.2617	0.6362	0.9922	0.0078
3500	-10594.8284	-2.0036	-0.3555	0.8281	20.5217	13.2042	14.9449	11.9677	0.0439	-1.4746	3.4919	2.8445	6.7265	1.4105	1.4105	0.6629	0.9883	0.0117
3550	-10523.3191	-1.9995	-0.3604	0.831	18.929	13.2775	15.6711	11.5996	0.0688	-1.451	3.2022	2.7834	6.9917	1.4817	1.4817	0.6746	0.9912	0.0088
3600	-10368.169	-2.0205	-0.3711	0.8735	18.5005	12.2991	15.6298	11.3375	0.1066	-1.453	2.6733	2.8074	7.3308	1.4929	1.4929	0.6801	0.9942	0.0058
3650	-10457.1834	-2.001	-0.3711	0.8507	20.3755	12.8451	15.6298	11.3375	0.111	-1.6297	2.8186	2.755	8.0598	1.6066	1.6066	0.6928	0.9967	0.0033
3700	-10561.3328	-1.9831	-0.3663	0.8612	19.427	12.5603	15.6298	11.3375	0.0731	-1.6019	2.8508	2.7629	6.8178	1.5025	1.5025	0.6733	0.9934	0.0066
3750	-10464.3869	-2.0176	-0.3664	0.8524	17.7216	13.142	15.6298	12.3944	0.0624	-1.5659	2.8878	2.8018	7.051	1.4333	1.4333	0.6693	0.9857	0.0143
3800	-10424.8167	-1.9935	-0.3737	0.8611	20.0262	13.5018	16.5641	12.621	0.087	-1.5229	2.6903	2.8037	7.6965	1.5066	1.5066	0.6845	0.991	0.009
3850	-10387.6094	-2.0645	-0.3538	0.8794	18.5514	12.6354	16.0527	11.6885	0.0955	-1.5862	3.0816	2.7772	6.7435	1.5439	1.5439	0.6934	0.9932	0.0068
3900	-10337.2559	-2.1039	-0.3501	0.8645	17.9241	12.3902	16.0527	11.6885	0.079	-1.3885	2.9784	2.8433	7.0538	1.4917	1.4917	0.6645	0.9896	0.0104
3950	-10415.9831	-2.0311	-0.3486	0.8327	18.3886	12.7579	16.0527	13.0047	0.0924	-1.5176	2.9069	2.7785	7.0355	1.4598	1.4598	0.6696	0.9909	0.0091
4000	-10596.545	-2.0707	-0.3552	0.8859	16.9173	13.5357	17.2084	13.1189	0.0564	-1.5047	2.9341	2.7549	6.0381	1.42	1.42	0.6683	0.9832	0.0168
4050	-10390.3096	-2.0812	-0.3466	0.8654	17.343	13.7784	15.1973	13.1189	0.0849	-1.4379	2.9797	2.7592	7.704	1.5634	1.5634	0.6825	0.9902	0.0098
4100	-10508.4343	-2.0761	-0.3544	0.8899	16.5384	12.3752	17.0373	11.6813	0.0649	-1.2721	3.4561	2.8279	6.9203	1.4891	1.4891	0.6551	0.9936	0.0064
4150	-10449.4208	-1.99	-0.3632	0.8297	19.0337	13.0481	18.521	12.7014	0.0713	-1.4708	3.339	2.7678	6.0887	1.4023	1.4023	0.6786	0.9831	0.0169
4200	-10642.0448	-2.021	-0.3543	0.8497	20.6426	13.7515	15.3178	12.7014	0.088	-1.4487	3.1818	2.7874	7.183	1.481	1.481	0.6803	0.9848	0.0152
4250	-10522.1297	-1.9232	-0.3602	0.7709	20.6426	12.6289	15.3178	12.7014	0.1101	-1.5456	2.7988	2.7655	7.151	1.4542	1.4542	0.6884	0.9905	0.0095
4300	-10550.054	-1.9569	-0.3672	0.833	19.8212	13.0059	16.9227	13.1933	0.0893	-1.7748	2.348	2.673	6.9364	1.5989	1.5989	0.7098	0.9891	0.0109
4350	-10432.2123	-1.9899	-0.3651	0.8542	19.9602	13.4789	16.9227	13.3879	0.081	-1.6586	2.5315	2.7369	6.6527	1.5171	1.5171	0.6874	0.9857	0.0143
4400	-10414.4935	-2	-0.3576	0.8608	18.9049	12.6635	16.8878	11.5824	0.0892	-1.9081	2.1365	2.7244	7.2537	1.5317	1.5317	0.7214	0.9915	0.0085
4450	-10462.2081	-2.0123	-0.3679	0.839	18.5209	13.1493	16.8878	12.9503	0.0812	-1.6795	2.2662	2.7541	7.2066	1.5236	1.5236	0.7005	0.9907	0.0093
4500	-10551.7218	-2.0306	-0.3511	0.8521	18.1338	14.9897	16.4787	13.789	0.0811	-1.5378	2.4367	2.7417	6.3598	1.5307	1.5307	0.6916	0.9835	0.0165
4550	-10513.8859	-2.0796	-0.3632	0.8916	18.1338	14.8491	15.895	13.2391	0.11	-1.6777	2.2495	2.7162	7.7437	1.5799	1.5799	0.6994	0.9944	0.0056
4600	-10495.098	-2.0398	-0.3539	0.8763	18.1338	14.3318	15.895	10.9821	0.0838	-1.5137	2.8663	2.7169	6.767	1.5285	1.5285	0.6942	0.9845	0.0155
4650	-10468.9762	-2.0678	-0.3567	0.8754	18.1338	14.5695	15.895	12.4551	0.0916	-1.4575	3.1281	2.7912	7.4916	1.4756	1.4756	0.677	0.9936	0.0064
4700	-10612.1554	-2.0142	-0.361	0.8263	18.4432	14.5695	15.895	11.6063	0.0673	-1.3325	3.4991	2.8491	6.9333	1.3286	1.3286	0.6483	0.9863	0.0137
4750	-10365.1336	-2.0622	-0.3533	0.8725	18.4941	14.5695	15.895	11.2294	0.0673	-1.306	3.6698	2.8074	6.56	1.416	1.416	0.6542	0.9876	0.0124
4800	-10423.1233	-2.0411	-0.3522	0.8581	18.3165	13.5359	16.9297	11.3128	0.0743	-1.2613	3.7068	2.7743	6.9965	1.4804	1.4804	0.6517	0.9898	0.0102
4850	-10421.4694	-2.034	-0.3537	0.8237	17.6879	13.7207	15.5316	11.3806	0.0611	-1.3128	3.5176	2.834	7.0833	1.3825	1.3825	0.6417	0.9884	0.0116
4900	-10501.744	-2.0923	-0.347	0.8946	17.6879	13.7207	16.2294	11.3806	0.0499	-1.2812	4.1524	2.8797	7.2942	1.3731	1.3731	0.6409	0.9878	0.0122
4950	-10461.3308	-2.1052	-0.3399	0.9036	17.6879	13.7207	17.2968	11.235	0.0272	-1.486	4.0182	2.793	7.2499	1.4952	1.4952	0.6584	0.9916	0.0084
5000	-10427.8037	-2.0359	-0.3591	0.8513	17.6879	12.3794	16.4425	13.646	0.0555	-1.5416	3.3405	2.7757	6.2926	1.4864	1.4864	0.6508	0.983	0.017
5050	-10660.374	-2.0269	-0.3422	0.8386	17.4982	12.3149	16.3042	12.1381	0.0557	-1.559	3.3511	2.7769	7.0514	1.4807	1.4807	0.6655	0.9902	0.0098
5100	-10558.3787	-1.9861	-0.3514	0.8203	17.4982	12.1742	14.8955	12.1504	0.0698	-1.5409	2.7113	2.7975	7.3077	1.4675	1.4675	0.6725	0.9911	0.0089
5150	-10616.9003	-1.9978	-0.3429	0.8274	17.153	12.1742	15.4426	11.688	0.0741	-1.4398	2.6751	2.7958	6.312	1.4191	1.4191	0.6694	0.9863	0.0137
5200	-10642.0163	-1.8994	-0.3509	0.7663	19.0907	13.2017	15.4426	11.688	0.0912	-1.5211	2.729	2.7686	6.7487	1.44	1.44	0.6771	0.9839	0.0161
5250	-10631.6876	-2.0178	-0.3447	0.8176	19.7062	13.2017	15.5166	12.47	0.0791	-1.508	2.7781	2.7598	7.6827	1.5899	1.5899	0.6709	0.9944	0.0056
5300	-10621.8338	-1.9864	-0.3518	0.7762	18.2435	13.2017	16.2843	11.4648	0.0739	-1.3339	3.3984	2.7981	7.3533	1.4048	1.4048	0.6519	0.9907	0.0093
5350	-10514.517	-2.0186	-0.3542	0.8272	17.8001	13.2017	18.3685	12.9885	0.0725	-1.2843	3.4174	2.8448	6.4263	1.3618	1.3618	0.6451	0.9855	0.0145
5400	-10593.2325	-1.9922	-0.3531	0.8059	17.8001	13.2017	17.0423	12.3415	0.0915	-1.3973	3.2431	2.886	6.6528	1.4226	1.4226	0.6726	0.9874	0.0126
5450	-10615.9638	-1.9807	-0.3493	0.8122	17.4565	14.4109	16.1571	12.9258	0.0645	-1.4076	3.6184	2.7619	6.7061	1.4258	1.4258	0.6625	0.9882	0.0118
5500	-10512.3982	-2.0004	-0.3544	0.8335	17.4565	14.4109	17.6039	12.9258	0.0746	-1.4368	3.3158	2.7768	6.9397	1.4409	1.4409	0.6719	0.9878	0.0122
5550	-10441.7607	-2.0352	-0.3641	0.8947	19.4005	12.9359	15.5798	12.9258	0.0973	-1.3067	2.8995	2.8175	6.6143	1.3225	1.3225	0.6628	0.9841	0.0159
5600	-10386.109	-2.1774	-0.3475	0.9594	17.3832	12.9359	16.5721	12.9258	0.0902	-1.4172	3.1101	2.808	7.0407	1.4529	1.4529	0.666	0.9928	0.0072
5650	-10555.9621	-2.0905	-0.3397	0.8863	16.319	14.8204	16.5721	11.9591	0.099	-1.4762	2.9245	2.7606	6.8695	1.4948	1.4948	0.6577	0.9891	0.0109
5700	-10428.3929	-2.1187	-0.3532	0.8847	16.319	12.9639	18.0735	11.9701	0.0678	-1.4697	3.4938	2.7747	6.5543	1.4542	1.4542	0.6812	0.9873	0.0127
5750	-10419.2752	-2.0638	-0.3507	0.8777	19.5306	12.9639	16.8557	11.9701	0.0486	-1.5788	3.5727	2.8019	7.178	1.4827	1.4827	0.6655	0.9896	0.0104
5800	-10386.3731	-2.0828	-0.3452	0.8887	19.5306	12.9639	17.4324	11.2368	0.0778	-1.532	3.0512	2.7265	6.9116	1.5669	1.5669	0.6742	0.9893	0.0107
5850	-10432.0374	-2.0801	-0.3633	0.8927	17.6409	13.543	14.8431	11.9893	0.086	-1.7762	3.0085	2.6927	7.5105	1.6743	1.6743	0.6844	0.9934	0.0066
5900	-10501.53	-2.0753	-0.3577	0.8885	18.3543	11.9862	14.9988	12.4993	0.0687	-1.5704	3.1865	2.7315	7.7887	1.6364	1.6364	0.6916	0.994	0.006
5950	-10462.3302	-2.0165	-0.3525	0.8208	17.0304	12.6015	15.518	11.9432	0.0827	-1.7167	2.3742	2.7531	7.4224	1.6519	1.6519	0.7125	0.9951	0.0049
6000	-10481.0065	-2.0312	-0.3539	0.8448	17.6866	12.8473	15.241	11.4276	0.082	-1.6407	2.4581	2.7386	6.8037	1.571	1.571	0.7065	0.9848	0.0152
6050	-10398.3256	-2.0082	-0.3592	0.826	16.8888	13.6508	15.1272	12.3012	0.1014	-1.6877	2.5052	2.7241	6.9982	1.6256	1.6256	0.6928	0.9891	0.0109
6100	-10355.5451	-2.0864	-0.3619	0.8911	18.3845	13.6508	16.5062	12.1376	0.0829	-1.7617	2.6816	2.6758	7.1722	1.5771	1.5771	0.7022	0.9888	0.0112
6150	-10440.1235	-2.0797	-0.3628	0.8995	18.3146	13.2213	15.6373	11.4554	0.0696	-1.6669	2.9489	2.7541	7.6509	1.6449	1.6449	0.6891	0.9935	0.0065
6200	-10518.6769	-2.0524	-0.3657	0.879	17.0726	12.2865	15.6373	11.7952	0.0651	-1.4449	3.3015	2.7918	7.891	1.4604	1.4604	0.6607	0.9898	0.0102
6250	-10415.3022	-2.0691	-0.3617	0.891	16.3765	12.1653	15.1166	11.7952	0.0503	-1.3408	3.7214	2.8584	6.9423	1.4401	1.4401	0.6454	0.9882	0.0118
6300	-10310.7107	-2.1181	-0.3501	0.8891	19.991	12.1653	14.9791	12.4324	0.0797	-1.2853	3.5727	2.87	6.1982	1.3132	1.3132	0.6547	0.9819	0.0181
6350	-10407.9262	-2.0912	-0.3512	0.8708	18.6135	11.8654	13.8081	12.6087	0.0657	-1.2799	3.9639	2.8762	6.496	1.4209	1.4209	0.6477	0.9822	0.0178
6400	-10465.0474	-2.0793	-0.349	0.8703	16.3026	11.9621	16.2115	12.165	0.0656	-1.1056	4.0148	2.8678	6.541	1.3515	1.3515	0.6197	0.987	0.013
6450	-10480.0764	-2.0201	-0.3608	0.8547	17.724	11.9621	16.2115	12.4721	0.0604	-1.2041	4.3799	2.8501	6.8593	1.3876	1.3876	0.6445	0.9883	0.0117
6500	-10380.9822	-1.9599	-0.3701	0.8191	17.5208	12.4666	16.3758	13.62	0.0738	-1.3416	3.803	2.865	7.2082	1.4434	1.4434	0.6473	0.9897	0.0103
6550	-10352.7621	-1.9641	-0.3735	0.8074	19.4496	12.7746	16.3758	13.0933	0.0855	-1.6453	2.7253	2.7653	6.7628	1.4981	1.4981	0.6939	0.9903	0.0097
6600	-10526.3847	-1.9179	-0.3693	0.7948	17.4584	13.2953	16.3758	13.4796	0.0672	-1.5899	2.7529	2.7714	6.9444	1.4796	1.4796	0.6831	0.989	0.011
6650	-10535.7615	-1.9406	-0.3566	0.7943	18.5124	13.5779	16.3758	13.4564	0.079	-1.6328	2.4683	2.7601	7.0336	1.6181	1.6181	0.6826	0.9928	0.0072
6700	-10524.9743	-2.0284	-0.348	0.8534	17.3534	13.3404	16.3758	14.3307	0.1017	-1.5087	2.8218	2.7098	7.0172	1.5849	1.5849	0.689	0.9939	0.0061
6750	-10449.2491	-2.0456	-0.3472	0.8448	17.3534	12.33	16.3758	13.4072	0.0755	-1.7284	2.9848	2.7085	6.6807	1.5457	1.5457	0.6815	0.9877	0.0123
6800	-10546.2446	-1.988	-0.3608	0.8492	17.6465	12.33	16.3758	12.7371	0.0537	-1.5976	2.8867	2.7924	6.5276	1.4667	1.4667	0.6865	0.9874	0.0126
6850	-10552.5833	-2.0909	-0.3489	0.9005	20.5548	12.4015	14.8123	12.7371	0.0842	-1.637	2.5555	2.7414	7.2495	1.5144	1.5144	0.6898	0.9905	0.0095
6900	-10558.6632	-2.0047	-0.3629	0.8618	19.4243	12.5885	14.8123	12.7371	0.0841	-1.6421	2.728	2.7346	6.3925	1.564	1.564	0.701	0.9857	0.0143
6950	-10538.5697	-1.9819	-0.3559	0.8172	18.9228	12.285	17.1186	12.5534	0.0986	-1.7822	2.3221	2.6786	6.486	1.6885	1.6885	0.711	0.9912	0.0088
7000	-10478.7344	-2.1132	-0.3431	0.8934	18.1853	12.3478	17.1186	12.6214	0.0936	-1.5718	2.5817	2.7503	7.0741	1.4685	1.4685	0.6751	0.9912	0.0088
7050	-10479.5449	-2.0714	-0.3603	0.8935	18.1853	14.136	14.9277	12.6214	0.0794	-1.7278	2.5816	2.6885	7.1767	1.614	1.614	0.7105	0.9923	0.0077
7100	-10408.8856	-2.0785	-0.3532	0.868	17.4241	14.8034	16.1538	12.6214	0.0822	-1.6945	2.3847	2.6818	6.6445	1.6154	1.6154	0.7025	0.9888	0.0112
7150	-10467.1149	-2.0321	-0.3589	0.8469	15.6622	14.2036	16.1538	12.4453	0.0962	-1.5379	2.4014	2.7095	7.4218	1.5677	1.5677	0.6854	0.9892	0.0108
7200	-10431.7682	-2.0535	-0.359	0.913	18.056	13.5739	16.9217	12.3905	0.0839	-1.6216	2.9023	2.77	7.1171	1.6177	1.6177	0.6988	0.9901	0.0099
7250	-10400.2528	-2.0866	-0.3328	0.8695	18.056	13.6504	16.9217	12.7084	0.1036	-1.5071	2.9734	2.7383	7.5283	1.5325	1.5325	0.6705	0.9932	0.0068
7300	-10421.1252	-2.0619	-0.3471	0.8659	18.056	13.6504	16.9217	12.3576	0.0841	-1.6394	3.1272	2.7348	6.8451	1.6504	1.6504	0.6882	0.9866	0.0134
7350	-10449.9556	-2.0875	-0.3408	0.8794	19.1254	12.801	16.9217	11.8924	0.0566	-1.39	3.7228	2.85	7.099	1.4216	1.4216	0.6422	0.9903	0.0097
7400	-10484.6214	-2.0945	-0.3499	0.8891	18.405	12.801	16.6459	12.8569	0.0642	-1.3977	3.3144	2.7911	6.3977	1.5003	1.5003	0.6663	0.9838	0.0162
7450	-10577.9088	-2.0425	-0.357	0.8781	18.405	13.7222	16.6459	12.175	0.0834	-1.537	2.8094	2.7635	6.35	1.4796	1.4796	0.6763	0.9902	0.0098
7500	-10500.4778	-2.0504	-0.3522	0.8517	18.106	12.7521	16.6459	11.4113	0.0518	-1.674	3.2237	2.7761	6.6869	1.6306	1.6306	0.6807	0.9924	0.0076
7550	-10450.3376	-2.0053	-0.3635	0.8329	19.277	11.9086	16.6459	10.3688	0.082	-1.5541	3.0973	2.7425	6.8804	1.5843	1.5843	0.6849	0.9874	0.0126
7600	-10522.78	-1.9869	-0.3713	0.8342	17.1659	11.9752	16.6459	10.9918	0.0611	-1.5632	3.3202	2.7269	7.4598	1.6153	1.6153	0.6801	0.9916	0.0084
7650	-10499.0144	-2.0429	-0.3613	0.877	17.2275	14.0868	16.6459	12.4779	0.0705	-1.5729	3.2652	2.7843	6.8307	1.5911	1.5911	0.6649	0.9908	0.0092
7700	-10407.5396	-1.9918	-0.3582	0.8295	16.8696	12.7225	16.4902	12.4674	0.0941	-1.6631	2.5068	2.7099	7.4378	1.5726	1.5726	0.6991	0.9922	0.0078
7750	-10566.9057	-2	-0.3507	0.8522	19.4153	13.8143	16.4902	12.7044	0.0536	-1.5499	3.225	2.8053	7.2246	1.5319	1.5319	0.6808	0.9924	0.0076
7800	-10701.9559	-1.9768	-0.3479	0.7849	18.0102	12.6122	13.9668	11.6897	0.068	-1.6473	3.0112	2.7467	7.5516	1.5389	1.5389	0.6967	0.9946	0.0054
7850	-10541.3736	-2.042	-0.3495	0.8625	18.0102	12.6122	13.9668	11.6318	0.0567	-1.4847	2.9815	2.8109	6.8768	1.4396	1.4396	0.6652	0.991	0.009
7900	-10469.3757	-1.9878	-0.3465	0.8199	18.9876	13.9824	18.0916	10.9791	0.0806	-1.6145	3.2387	2.7668	6.9464	1.5098	1.5098	0.669	0.989	0.011
7950	-10576.9245	-1.9899	-0.3469	0.8207	19.3212	13.9824	15.7402	12.5517	0.0952	-1.4835	2.894	2.7636	6.9414	1.5139	1.5139	0.6736	0.9902	0.0098
8000	-10551.4162	-1.9932	-0.3543	0.8084	19.3212	13.9824	16.351	13.6799	0.0908	-1.5044	2.7299	2.8189	7.1834	1.4342	1.4342	0.677	0.9887	0.0113
8050	-10432.7914	-2.0353	-0.365	0.8857	19.9291	14.3867	18.3185	14.2017	0.0869	-1.8605	3.1504	2.6615	6.9048	1.5685	1.5685	0.6977	0.9891	0.0109
8100	-10489.1504	-2.0066	-0.379	0.8401	18.4344	13.1611	16.7128	14.2017	0.0559	-1.5277	3.2239	2.7701	6.7591	1.5179	1.5179	0.6682	0.9904	0.0096
8150	-10617.5415	-2.0033	-0.3651	0.8617	18.4344	13.1611	15.8734	11.9527	0.0639	-1.367	3.3638	2.8672	7.1951	1.3857	1.3857	0.6508	0.9866	0.0134
8200	-10584.4552	-2	-0.3707	0.8491	16.7803	13.1611	16.7262	13.2905	0.0648	-1.6007	3.0396	2.7938	6.4625	1.3217	1.3217	0.6682	0.9896	0.0104
8250	-10546.9688	-1.9345	-0.3697	0.7893	16.7803	13.1611	16.437	12.2368	0.0562	-1.1645	4.3289	2.9084	6.6591	1.2927	1.2927	0.6068	0.9886	0.0114
8300	-10543.7259	-1.9941	-0.3638	0.8237	16.7803	13.1611	16.5273	12.2368	0.0725	-1.1533	4.3765	2.8209	6.6826	1.4198	1.4198	0.6482	0.9867	0.0133
8350	-10618.3749	-1.9959	-0.3704	0.8413	18.3712	12.2751	14.9175	13.2471	0.0499	-1.2278	4.0125	2.8484	6.2895	1.2989	1.2989	0.6525	0.9811	0.0189
8400	-10497.4693	-2.0753	-0.3779	0.9072	17.9959	13.847	14.9958	13.2471	0.064	-1.3721	3.5363	2.8261	6.848	1.3639	1.3639	0.6414	0.9865	0.0135
8450	-10565.9769	-1.9525	-0.3697	0.8144	19.7572	13.4461	14.9958	12.9982	0.0578	-1.3568	3.6411	2.8075	7.0717	1.4793	1.4793	0.6563	0.9897	0.0103
8500	-10400.0692	-1.9674	-0.3626	0.8393	17.9356	12.5651	14.9958	13.4482	0.0666	-1.3016	3.8564	2.8954	7.6649	1.3541	1.3541	0.6228	0.9902	0.0098
8550	-10505.2789	-2.0389	-0.3557	0.8719	17.9356	12.5651	15.6024	13.0286	0.0839	-1.4316	3.3439	2.8043	6.339	1.3618	1.3618	0.6724	0.9833	0.0167
8600	-10602.5864	-2.0427	-0.3595	0.8415	17.0749	12.5651	14.6174	11.8842	0.0603	-1.2622	3.699	2.8718	7.0105	1.4182	1.4182	0.6296	0.987	0.013
8650	-10497.4634	-1.9858	-0.3592	0.8289	17.0749	12.5651	14.6174	11.8842	0.0634	-1.2788	4.1009	2.8379	6.7616	1.3463	1.3463	0.6396	0.9849	0.0151
8700	-10466.906	-2.065	-0.3457	0.8828	17.304	12.5651	14.2253	12.2505	0.0853	-1.3192	3.3414	2.7949	6.4895	1.4406	1.4406	0.6497	0.9906	0.0094
8750	-10494.6873	-2.0884	-0.3514	0.9162	16.812	12.1275	15.4887	12.8278	0.0652	-1.5116	2.9018	2.7573	6.5407	1.458	1.458	0.6769	0.9887	0.0113
8800	-10531.2501	-2.0139	-0.3553	0.8243	16.812	11.9104	14.3483	11.5792	0.0676	-1.4724	3.2791	2.8347	6.6017	1.4684	1.4684	0.663	0.9876	0.0124
8850	-10549.0319	-1.9581	-0.3747	0.7939	17.084	11.9104	15.3524	12.767	0.114	-1.5907	2.5251	2.7254	6.8668	1.5586	1.5586	0.6838	0.9913	0.0087
8900	-10543.0472	-1.9907	-0.3549	0.8256	17.6978	11.9104	15.6947	12.767	0.0777	-1.3894	3.1538	2.76	6.1185	1.3908	1.3908	0.6728	0.9836	0.0164
8950	-10317.441	-2.0335	-0.3501	0.8451	19.1344	13.1062	16.2644	12.9577	0.1001	-1.4909	2.5621	2.7645	6.7639	1.4517	1.4517	0.6734	0.9888	0.0112
9000	-10479.5558	-2.0728	-0.3529	0.8734	19.1344	13.1062	16.2644	12.9577	0.0672	-1.5494	3.0552	2.7787	7.8781	1.5737	1.5737	0.6831	0.9913	0.0087
9050	-10503.2417	-2.0619	-0.3508	0.8689	19.1344	13.1062	16.2644	12.2641	0.077	-1.3767	3.4718	2.7862	7.1986	1.4355	1.4355	0.6591	0.9909	0.0091
9100	-10396.8861	-2.0626	-0.3447	0.8743	18.417	14.2747	15.3878	12.2641	0.0788	-1.7047	2.9962	2.7309	6.9352	1.6243	1.6243	0.6833	0.9883	0.0117
9150	-10440.1719	-2.1158	-0.3555	0.9029	18.417	14.2747	14.7954	12.8636	0.0763	-1.549	2.6601	2.7655	6.8656	1.5258	1.5258	0.6822	0.9928	0.0072
9200	-10474.9721	-2.0855	-0.3414	0.8806	18.417	12.7678	17.3293	11.7353	0.0678	-1.6551	2.7012	2.7648	7.7393	1.604	1.604	0.687	0.9957	0.0043
9250	-10369.6879	-2.0747	-0.3546	0.8912	17.6235	13.1274	15.1762	12.4866	0.0872	-1.5123	2.7585	2.7461	6.9011	1.4244	1.4244	0.6707	0.99	0.01
9300	-10445.4849	-2.0491	-0.358	0.842	18.8193	13.4186	15.1762	12.4866	0.0966	-1.2526	3.1893	2.8217	6.8345	1.429	1.429	0.6427	0.9877	0.0123
9350	-10310.1574	-2.0898	-0.365	0.9064	18.8193	12.8512	16.6529	11.3584	0.0851	-1.4117	3.0384	2.8101	6.4594	1.4046	1.4046	0.6644	0.989	0.011
9400	-10435.9668	-2.0914	-0.3521	0.9041	17.6797	12.9388	14.8234	11.1454	0.0647	-1.5436	2.7895	2.7802	7.3624	1.4421	1.4421	0.667	0.9926	0.0074
9450	-10516.1899	-2.1295	-0.3575	0.9386	16.8422	12.9388	17.1214	11.1454	0.0765	-1.4799	3.0466	2.7994	6.39	1.4286	1.4286	0.6702	0.9876	0.0124
9500	-10454.8575	-2.0552	-0.3519	0.8799	18.1494	12.7697	14.2871	12.4393	0.0761	-1.5394	3.1552	2.7615	7.1576	1.5132	1.5132	0.6783	0.991	0.009
9550	-10532.7506	-2.0404	-0.359	0.8785	18.9999	12.7697	16.7393	12.3862	0.0967	-1.5992	2.9032	2.7566	6.2642	1.474	1.474	0.6827	0.9866	0.0134
9600	-10349.2477	-2.0853	-0.359	0.9088	18.9756	12.7697	16.9316	13.6343	0.0806	-1.6336	2.9283	2.6925	6.542	1.5364	1.5364	0.6896	0.9821	0.0179
9650	-10494.9544	-1.988	-0.3575	0.8185	18.7678	12.6809	14.959	12.8743	0.0832	-1.5805	2.7068	2.7859	6.7677	1.555	1.555	0.6937	0.989	0.011
9700	-10480.4112	-1.9855	-0.3717	0.8513	18.6662	12.7115	16.0933	11.0757	0.0776	-1.6092	2.7141	2.7727	7.343	1.6009	1.6009	0.6924	0.9932	0.0068
9750	-10451.7367	-1.9736	-0.3649	0.8633	18.6998	13.2971	16.0933	10.8762	0.0966	-1.3763	2.7427	2.8084	6.5728	1.4901	1.4901	0.6688	0.9911	0.0089
9800	-10452.3656	-2.0516	-0.3621	0.8949	18.6998	13.9305	16.312	10.8762	0.0785	-1.3924	3.5038	2.7903	7.2377	1.4377	1.4377	0.6582	0.9873	0.0127
9850	-10472.5399	-2.0158	-0.3596	0.8789	20.038	14.376	15.858	11.6131	0.0582	-1.166	3.8492	2.8151	6.6508	1.4152	1.4152	0.632	0.988	0.012
9900	-10586.1927	-2.0936	-0.326	0.8643	18.9365	13.9598	15.2164	12.247	0.08	-1.2261	3.408	2.7995	7.4617	1.5085	1.5085	0.6383	0.988	0.012
9950	-10463.9427	-2.059	-0.3457	0.8401	17.7269	12.8029	15.6128	12.3822	0.0796	-1.3068	3.1742	2.7898	6.4235	1.4094	1.4094	0.6489	0.9853	0.0147
10000	-10350.4607	-2.0398	-0.3561	0.8628	17.7269	12.8029	15.6128	12.3822	0.0901	-1.2501	3.8234	2.8322	6.8737	1.365	1.365	0.6462	0.9861	0.0139
10050	-10429.4836	-2.0471	-0.3452	0.8658	18.4037	12.5054	15.6128	12.9227	0.0685	-1.274	3.7049	2.843	6.7099	1.4073	1.4073	0.6428	0.9851	0.0149
10100	-10425.7895	-2.0882	-0.3621	0.9329	18.6244	12.501	15.6128	12.3122	0.0506	-1.4523	3.2381	2.7712	6.8217	1.4414	1.4414	0.6642	0.9862	0.0138
10150	-10498.8216	-2.0107	-0.3353	0.8097	18.9678	12.7695	15.6128	13.093	0.0697	-1.5068	3.3422	2.8187	6.9405	1.5283	1.5283	0.6661	0.9923	0.0077
10200	-10360.261	-2.0919	-0.3512	0.8743	17.9302	13.2839	15.6128	13.1766	0.0816	-1.3039	3.2212	2.7861	7.0485	1.4113	1.4113	0.6549	0.9873	0.0127
10250	-10475.7246	-2.043	-0.3641	0.8657	20.788	14.4093	15.6128	12.673	0.0694	-1.5007	3.2563	2.7789	6.7694	1.4357	1.4357	0.6751	0.9875	0.0125
10300	-10297.7494	-2.0524	-0.3619	0.8946	20.8902	14.2718	15.6128	12.8256	0.0768	-1.6418	3.1857	2.7523	6.7743	1.5032	1.5032	0.6865	0.9891	0.0109
10350	-10415.0081	-2.0553	-0.3555	0.8641	18.2599	13.9467	15.9901	13.1987	0.0751	-1.4831	2.7302	2.7646	6.5676	1.4924	1.4924	0.6676	0.9895	0.0105
10400	-10408.8516	-2.0436	-0.3546	0.8463	20.1691	13.8238	15.9901	12.8318	0.0878	-1.4982	3.065	2.7466	7.1062	1.4987	1.4987	0.6884	0.9905	0.0095
10450	-10485.4817	-2.0155	-0.3606	0.839	18.8834	14.0183	15.9901	12.828	0.0885	-1.455	2.658	2.8056	7.5366	1.6014	1.6014	0.6886	0.9919	0.0081
10500	-10560.7672	-1.9955	-0.3641	0.8432	18.5707	13.4048	18.2929	12.9339	0.0808	-1.627	2.5911	2.7579	7.1261	1.5223	1.5223	0.6925	0.9905	0.0095
10550	-10564.2489	-2.0486	-0.3637	0.8704	19.4261	12.7009	15.749	11.8981	0.0969	-1.6007	2.6938	2.7139	6.241	1.5232	1.5232	0.6881	0.9798	0.0202
10600	-10450.6077	-2.0825	-0.3588	0.8896	18.7003	12.5712	16.5349	11.7368	0.105	-1.6129	2.6034	2.7706	7.6533	1.5731	1.5731	0.687	0.997	0.003
10650	-10495.6619	-2.1065	-0.3551	0.8931	20.164	12.8359	16.5349	11.9098	0.0799	-1.6842	2.6586	2.738	6.8965	1.5793	1.5793	0.697	0.9905	0.0095
10700	-10639.1584	-2.0935	-0.3514	0.8904	16.7554	13.0935	13.408	12.6765	0.0718	-1.5892	2.9782	2.7262	6.6729	1.5315	1.5315	0.6942	0.9892	0.0108
10750	-10527.4305	-2.0384	-0.3606	0.837	16.6	12.4736	13.408	12.392	0.0982	-1.6404	2.3225	2.7434	7.3725	1.6192	1.6192	0.6899	0.994	0.006
10800	-10472.1928	-2.0623	-0.3441	0.8519	15.9664	11.8077	15.1284	12.392	0.0948	-1.7355	2.0972	2.6546	7.3589	1.7992	1.7992	0.7204	0.9944	0.0056
10850	-10470.2891	-2.115	-0.3587	0.9264	16.0626	11.8077	15.2474	11.8908	0.0981	-1.8086	2.0207	2.7037	7.1895	1.7107	1.7107	0.7141	0.9937	0.0063
10900	-10477.8568	-2.0733	-0.3587	0.9032	16.5919	12.0348	15.8704	12.3668	0.094	-1.729	2.5238	2.6867	7.8116	1.7801	1.7801	0.7012	0.996	0.004
10950	-10453.6724	-2.0184	-0.3613	0.8338	17.8399	12.303	15.8704	13.1754	0.0887	-1.5353	2.7309	2.7966	6.7598	1.4161	1.4161	0.6783	0.9881	0.0119
11000	-10578.7052	-1.9983	-0.3573	0.8287	17.8399	12.5301	16.6133	12.0913	0.1047	-1.6454	2.2951	2.7058	7.3565	1.5417	1.5417	0.6969	0.9881	0.0119
11050	-10420.6322	-2.0463	-0.3406	0.8374	18.7545	13.567	16.6133	13.0982	0.0891	-1.6697	2.5299	2.7037	6.8251	1.6045	1.6045	0.6858	0.9894	0.0106
11100	-10449.2009	-2.0953	-0.3497	0.8855	18.8398	14.1812	16.6133	12.6273	0.0764	-1.6543	2.6165	2.7762	7.4109	1.5754	1.5754	0.6905	0.9926	0.0074
11150	-10426.0692	-1.9501	-0.3637	0.7939	18.8398	14.1812	16.6133	12.6273	0.1002	-1.4172	2.761	2.8121	7.15	1.4976	1.4976	0.6769	0.9906	0.0094
11200	-10472.7528	-2.0162	-0.3592	0.8384	17.7822	14.1812	17.3618	12.5608	0.0708	-1.6298	3.0388	2.7901	7.3544	1.517	1.517	0.6773	0.9934	0.0066
11250	-10334.2863	-2.0911	-0.3606	0.8874	17.4949	14.1812	18.3986	12.7753	0.0583	-1.3477	3.6386	2.8415	7.6391	1.4578	1.4578	0.6619	0.9926	0.0074
11300	-10345.3446	-2.1246	-0.3582	0.9179	19.4198	14.5183	17.3965	12.4843	0.078	-1.3997	3.1151	2.7921	7.0569	1.4896	1.4896	0.6536	0.9889	0.0111
11350	-10301.9442	-2.1116	-0.358	0.9096	19.4198	14.5183	16.9566	12.445	0.0907	-1.4992	2.7	2.8276	6.7545	1.5009	1.5009	0.6786	0.9917	0.0083
11400	-10359.5289	-2.0762	-0.3553	0.8999	17.6264	12.7943	16.2889	12.7715	0.0964	-1.4627	2.7712	2.7458	6.379	1.5109	1.5109	0.678	0.9868	0.0132
11450	-10562.7646	-1.9975	-0.3626	0.8354	19.8305	12.7943	15.7718	11.7149	0.0732	-1.4682	3.1979	2.8067	6.6744	1.3828	1.3828	0.6743	0.9846	0.0154
11500	-10496.7247	-2.0793	-0.3447	0.8868	17.3232	12.7943	15.7718	13.0004	0.099	-1.4513	2.4965	2.8191	7.6083	1.5417	1.5417	0.6862	0.9935	0.0065
11550	-10582.2022	-1.952	-0.3738	0.8087	17.3232	12.7889	15.7351	13.1383	0.0711	-1.367	3.0173	2.779	6.8001	1.4936	1.4936	0.6654	0.9863	0.0137
11600	-10492.3731	-2.0322	-0.3578	0.8687	20.041	14.3204	17.4853	14.1899	0.0697	-1.4545	3.3615	2.8102	6.9618	1.5092	1.5092	0.6772	0.99	0.01
11650	-10448.6791	-2.0437	-0.3406	0.8311	20.5888	14.3204	16.5573	12.0674	0.0837	-1.3813	3.3439	2.7857	6.2702	1.4662	1.4662	0.646	0.9884	0.0116
11700	-10471.5185	-2.0149	-0.3407	0.8112	17.719	14.3204	15.9101	13.7154	0.0401	-1.4353	4.2988	2.8136	6.8896	1.4085	1.4085	0.6487	0.9882	0.0118
11750	-10455.8406	-2.077	-0.3476	0.8858	17.719	14.3204	15.7634	13.7154	0.0709	-1.5145	3.4269	2.7405	6.282	1.4826	1.4826	0.6802	0.9798	0.0202
11800	-10397.3154	-2.0586	-0.3681	0.8993	17.719	14.3204	14.837	13.7154	0.0518	-1.5284	3.1404	2.8179	6.8664	1.4502	1.4502	0.6615	0.9872	0.0128
11850	-10453.296	-2.0083	-0.3687	0.8641	19.3867	14.3204	15.1147	13.9671	0.084	-1.5938	2.908	2.7759	7.1973	1.6283	1.6283	0.6783	0.9934	0.0066
11900	-10454.5615	-2.007	-0.3665	0.8599	19.3867	14.3204	15.0373	13.0606	0.1083	-1.6291	2.3592	2.7364	6.8328	1.616	1.616	0.7012	0.9909	0.0091
11950	-10434.6563	-2.073	-0.3717	0.9119	20.3244	12.9413	15.1564	12.5017	0.0843	-1.6834	2.494	2.7396	6.7577	1.557	1.557	0.7087	0.9878	0.0122
12000	-10508.7672	-2.0338	-0.3636	0.8445	19.8461	12.9413	15.2233	12.7538	0.0863	-1.5274	3.0949	2.7237	6.4263	1.423	1.423	0.6693	0.983	0.017
12050	-10411.7669	-2.0533	-0.3592	0.8314	19.8461	12.9413	15.1485	11.9906	0.0718	-1.7367	2.5421	2.6995	6.6798	1.6171	1.6171	0.7082	0.9875	0.0125
12100	-10447.6305	-2.1329	-0.346	0.8949	18.4364	12.9413	14.7153	11.9906	0.0798	-1.6398	2.5451	2.6796	5.902	1.5752	1.5752	0.6887	0.9842	0.0158
12150	-10418.3047	-2.1016	-0.3575	0.9175	18.4364	12.9413	14.8616	11.6626	0.1161	-1.6487	2.4216	2.7474	6.7201	1.5792	1.5792	0.6987	0.9878	0.0122
12200	-10465.6902	-2.0309	-0.3466	0.8284	19.0809	12.9413	15.4508	11.6181	0.0632	-1.5646	3.0694	2.7492	6.6071	1.5037	1.5037	0.6737	0.989	0.011
12250	-10568.12	-2.0316	-0.3483	0.8704	18.4362	12.9064	16.1365	11.6181	0.0897	-1.5667	2.6689	2.761	7.1353	1.5146	1.5146	0.6731	0.992	0.008
12300	-10583.2772	-2.0369	-0.3502	0.8656	18.4362	12.3596	16.7616	11.6181	0.111	-1.5404	2.5977	2.7477	6.6172	1.4915	1.4915	0.6762	0.9856	0.0144
12350	-10504.7011	-2.0161	-0.3611	0.8515	18.4362	14.383	16.2484	14.1457	0.0784	-1.5589	2.7423	2.7829	6.9186	1.4882	1.4882	0.6741	0.9906	0.0094
12400	-10589.8026	-2.0056	-0.3644	0.8267	20.2493	14.383	16.6213	14.0268	0.0836	-1.5797	2.9125	2.6978	6.6909	1.5461	1.5461	0.6945	0.9895	0.0105
12450	-10444.9128	-2.0578	-0.3595	0.8877	18.5052	12.0514	16.3024	11.0741	0.067	-1.5646	3.0398	2.7486	6.172	1.468	1.468	0.685	0.9861	0.0139
12500	-10501.3075	-2.0814	-0.3582	0.9273	18.4701	11.4514	15.2609	11.0741	0.0651	-1.5218	3.1212	2.752	7.3472	1.5566	1.5566	0.6899	0.9946	0.0054
12550	-10495.105	-2.0649	-0.3485	0.8793	20.4147	14.331	15.4948	11.0741	0.087	-1.5138	2.9771	2.7762	6.8688	1.511	1.511	0.6788	0.9909	0.0091
12600	-10371.999	-2.073	-0.35	0.8524	19.1973	14.331	17.3866	12.9355	0.1279	-1.8231	1.9672	2.6752	7.0915	1.6245	1.6245	0.7137	0.9899	0.0101
12650	-10394.3207	-2.1541	-0.3358	0.9141	19.8681	13.2657	17.3866	13.5311	0.0836	-1.66	2.7816	2.7264	6.6871	1.546	1.546	0.6883	0.9865	0.0135
12700	-10639.2343	-2.0844	-0.3326	0.862	19.8558	13.2657	18.2561	13.5311	0.0737	-1.7062	3.5448	2.7923	7.0673	1.5847	1.5847	0.687	0.9921	0.0079
12750	-10584.9826	-2.0307	-0.3358	0.8468	19.3728	14.5881	17.9943	13.5311	0.0722	-1.6327	2.9144	2.7342	6.98	1.5329	1.5329	0.6805	0.9929	0.0071
12800	-10432.1086	-2.0914	-0.354	0.8795	19.9206	12.6419	16.9239	13.5311	0.0727	-1.705	3.1013	2.7357	6.9252	1.5862	1.5862	0.6908	0.986	0.014
12850	-10456.1819	-2.0322	-0.3621	0.8523	18.5419	13.8289	16.0514	13.5311	0.0804	-1.7195	2.5793	2.7398	6.7975	1.5529	1.5529	0.7005	0.989	0.011
12900	-10356.5219	-2.1098	-0.3586	0.9153	20.8403	13.7265	16.1407	12.8334	0.0813	-1.5451	3.0167	2.7501	6.4838	1.5777	1.5777	0.6834	0.9924	0.0076
12950	-10407.992	-1.9964	-0.3533	0.7818	20.8403	13.1395	16.1407	12.7861	0.077	-1.4681	3.4244	2.7685	7.3784	1.5421	1.5421	0.6682	0.9922	0.0078
13000	-10365.0788	-2.0265	-0.3553	0.8528	19.8702	12.301	16.1407	12.7861	0.0749	-1.4031	3.5206	2.8383	6.5558	1.2593	1.2593	0.6474	0.9826	0.0174
13050	-10424.7029	-2.0247	-0.3589	0.8516	19.2618	12.974	16.1407	12.2375	0.0562	-1.3176	4.1717	2.8049	6.3062	1.3397	1.3397	0.648	0.9788	0.0212
13100	-10589.9205	-1.9499	-0.3456	0.7845	18.4795	12.8605	16.1407	12.2375	0.0624	-1.4109	4.0591	2.8603	7.0792	1.3999	1.3999	0.638	0.9922	0.0078
13150	-10510.5739	-2.0706	-0.3597	0.8927	18.4795	12.6541	15.7089	12.9531	0.0589	-1.3302	3.3377	2.7994	6.3856	1.4911	1.4911	0.6568	0.9884	0.0116
13200	-10478.6819	-1.9848	-0.3576	0.8327	18.8201	13.9149	15.7089	12.4906	0.0734	-1.3444	3.4168	2.8321	6.6569	1.403	1.403	0.6444	0.9857	0.0143
13250	-10412.4574	-2.0023	-0.354	0.836	18.8201	13.7301	16.0689	12.2462	0.1034	-1.2627	3.1559	2.8631	6.796	1.3316	1.3316	0.6557	0.9888	0.0112
13300	-10358.9857	-2.0533	-0.3524	0.8678	18.8201	13.1609	16.0689	12.0195	0.0356	-1.3916	4.02	2.8049	6.4082	1.3766	1.3766	0.6491	0.9821	0.0179
13350	-10514.1267	-2.0429	-0.3489	0.8388	19.3821	13.5525	15.9187	13.7837	0.0775	-1.3187	3.8127	2.8602	6.6871	1.4232	1.4232	0.6502	0.9915	0.0085
13400	-10424.9961	-2.0329	-0.3562	0.8553	19.3821	13.8012	17.6269	13.7837	0.0573	-1.5318	3.5885	2.7142	7.0565	1.5188	1.5188	0.6707	0.9894	0.0106
13450	-10508.7057	-1.9601	-0.3681	0.8085	17.6844	12.6605	16.5877	12.1585	0.0767	-1.6475	2.6132	2.7095	6.3966	1.5798	1.5798	0.6901	0.9861	0.0139
13500	-10445.3103	-1.9693	-0.3728	0.8291	18.2722	12.7338	17.2811	11.9052	0.0955	-1.5631	2.6701	2.7668	6.5112	1.4876	1.4876	0.6822	0.9884	0.0116
13550	-10541.2352	-2.0075	-0.3584	0.8256	18.2722	14.1567	17.2811	12.8477	0.0879	-1.6739	2.4296	2.7118	7.4406	1.6143	1.6143	0.7117	0.9911	0.0089
13600	-10368.041	-2.0192	-0.3705	0.8579	17.0893	13.7232	17.2811	12.8477	0.0831	-1.4815	2.5097	2.7766	6.9143	1.4729	1.4729	0.6743	0.9855	0.0145
13650	-10449.8841	-1.938	-0.3721	0.7972	19.0519	13.4391	17.4533	12.5242	0.0834	-1.2468	3.4115	2.8437	6.1695	1.3359	1.3359	0.6413	0.9747	0.0253
13700	-10622.956	-1.9919	-0.3581	0.813	19.211	13.8136	17.4533	12.3446	0.0756	-1.1927	3.6888	2.8312	6.8237	1.4242	1.4242	0.6217	0.9859	0.0141
13750	-10356.4209	-1.9637	-0.367	0.8164	19.3489	13.331	16.3618	12.4257	0.0729	-1.5859	3.2038	2.7946	7.2265	1.5263	1.5263	0.6729	0.989	0.011
13800	-10610.4308	-1.9916	-0.3655	0.8282	19.3489	13.331	16.3618	12.4257	0.039	-1.5044	3.5922	2.7846	6.4352	1.3835	1.3835	0.6722	0.9844	0.0156
13850	-10491.1766	-1.9467	-0.3757	0.7886	18.2244	13.1671	16.3618	12.2483	0.0596	-1.3944	3.5329	2.8262	6.3587	1.4929	1.4929	0.6509	0.9864	0.0136
13900	-10485.1806	-1.9856	-0.3671	0.8408	18.2244	13.2543	16.3618	12.4386	0.0801	-1.2285	3.2653	2.8412	6.505	1.447	1.447	0.6456	0.9835	0.0165
13950	-10480.3921	-1.9948	-0.3494	0.8278	19.4615	13.6992	17.5859	12.8011	0.0807	-1.3939	3.0158	2.7604	7.0853	1.4295	1.4295	0.659	0.987	0.013
14000	-10492.0381	-2.0655	-0.3397	0.8263	19.219	12.5165	16.963	12.7142	0.0533	-1.4363	3.5842	2.8203	6.9331	1.5136	1.5136	0.6661	0.9928	0.0072
14050	-10377.8837	-2.1013	-0.3304	0.8446	19.219	12.5165	16.7184	12.7142	0.0495	-1.409	3.6378	2.8242	7.0505	1.4459	1.4459	0.6645	0.9882	0.0118
14100	-10365.8726	-2.0952	-0.3288	0.864	18.1726	13.3617	15.3141	13.3463	0.0621	-1.4815	3.2618	2.7638	7.1259	1.3912	1.3912	0.6765	0.9906	0.0094
14150	-10427.3244	-2.1947	-0.3395	0.9314	18.9073	13.3617	15.9308	13.9331	0.0653	-1.3989	3.5082	2.8423	6.4714	1.4321	1.4321	0.6656	0.9873	0.0127
14200	-10400.4777	-2.1022	-0.3405	0.8784	18.4382	14.03	15.9308	13.2682	0.0778	-1.1791	3.8441	2.8502	6.0675	1.405	1.405	0.6366	0.9793	0.0207
14250	-10365.5494	-2.0513	-0.3669	0.8682	18.1938	14.03	15.9308	12.7134	0.0774	-1.5052	3.1717	2.7588	6.5351	1.4767	1.4767	0.6637	0.9894	0.0106
14300	-10457.3849	-2.1194	-0.3505	0.9063	18.1938	14.2947	15.2507	11.7304	0.0649	-1.4302	3.4014	2.8761	7.2613	1.3955	1.3955	0.6654	0.9868	0.0132
14350	-10482.5457	-2.1076	-0.3575	0.9083	19.1156	13.8136	17.6378	11.8988	0.0852	-1.0145	4.1302	2.8643	7.1895	1.4117	1.4117	0.6368	0.992	0.008
14400	-10458.8656	-2.0289	-0.3513	0.8691	19.118	13.8136	15.1293	12.7149	0.0591	-1.4213	4.2756	2.8237	7.1211	1.3836	1.3836	0.6466	0.9866	0.0134
14450	-10611.5021	-1.9739	-0.3698	0.8216	18.5207	13.8136	14.868	12.0268	0.0505	-1.2954	3.8954	2.8388	6.6812	1.5079	1.5079	0.6471	0.9911	0.0089
14500	-10383.6921	-2.096	-0.3506	0.896	18.2572	13.3957	15.4636	11.9978	0.0585	-1.3586	3.5096	2.77	6.7176	1.5634	1.5634	0.671	0.9896	0.0104
14550	-10478.2177	-2.0244	-0.3459	0.8199	17.0398	13.3957	16.2308	13.7287	0.0613	-1.4422	3.9184	2.8253	6.8093	1.3256	1.3256	0.6451	0.987	0.013
14600	-10481.7581	-2.1258	-0.3548	0.9264	16.6778	13.3957	16.0547	12.2711	0.0766	-1.1222	3.3354	2.8524	6.457	1.3336	1.3336	0.6403	0.9811	0.0189
14650	-10413.6221	-2.1662	-0.3445	0.9269	17.2259	13.3957	15.0741	12.3774	0.0589	-1.3145	3.7675	2.8187	6.505	1.4365	1.4365	0.6548	0.9862	0.0138
14700	-10375.7811	-2.1152	-0.3608	0.9115	21.149	14.5303	14.633	13.035	0.0762	-1.4565	3.5379	2.8151	7.1968	1.4393	1.4393	0.6478	0.9924	0.0076
14750	-10325.249	-2.0958	-0.343	0.8452	18.7669	14.5303	15.0012	14.0128	0.0697	-1.5119	3.6663	2.7872	5.9256	1.4659	1.4659	0.6726	0.9804	0.0196
14800	-10355.7979	-2.1543	-0.3331	0.8758	18.7669	12.4785	15.8208	13.2025	0.08	-1.5577	3.0805	2.7408	6.8539	1.6238	1.6238	0.6782	0.9865	0.0135
14850	-10421.715	-2.0504	-0.3507	0.867	18.7669	12.4785	16.7081	11.7761	0.0873	-1.7135	2.2849	2.7065	6.454	1.5112	1.5112	0.7061	0.9823	0.0177
14900	-10340.4721	-2.1209	-0.3582	0.8962	17.7531	12.4785	16.8363	12.2649	0.0693	-1.295	3.6329	2.8278	6.5269	1.4529	1.4529	0.6457	0.9808	0.0192
14950	-10355.738	-2.1009	-0.3411	0.8884	17.7896	12.4785	15.648	11.8662	0.0411	-1.3091	3.9005	2.8146	6.3542	1.3803	1.3803	0.6413	0.9804	0.0196
15000	-10271.0545	-2.0725	-0.36	0.8711	19.8416	12.4785	14.7951	13.5177	0.053	-1.4241	3.9768	2.7488	6.4618	1.4021	1.4021	0.6669	0.9877	0.0123
15050	-10501.5155	-2.1011	-0.3614	0.9262	17.4392	13.1464	14.8032	12.9975	0.049	-1.5416	3.6039	2.7993	6.6973	1.4144	1.4144	0.6616	0.9911	0.0089
15100	-10529.4334	-1.9327	-0.3783	0.818	17.2825	12.9646	15.9897	11.4355	0.0532	-1.2803	3.5117	2.8404	6.5344	1.3444	1.3444	0.6476	0.9795	0.0205
15150	-10417.8147	-2.0469	-0.3613	0.8627	19.4094	12.9646	15.9737	11.2116	0.0575	-1.4596	3.1873	2.8205	7.2126	1.4086	1.4086	0.6568	0.9875	0.0125
15200	-10553.5338	-2.0489	-0.3442	0.8601	16.9589	12.9646	15.9737	11.2116	0.0596	-1.6701	3.3047	2.77	7.7743	1.5695	1.5695	0.6753	0.9924	0.0076
15250	-10510.9972	-2.0493	-0.3548	0.8789	17.5038	13.1663	16.6332	10.9776	0.0466	-1.4722	3.4039	2.7803	6.8382	1.4625	1.4625	0.6774	0.987	0.013
15300	-10390.9365	-2.1015	-0.3607	0.9268	20.19	12.8787	17.5789	11.9437	0.0617	-1.5128	3.1672	2.7823	7.2576	1.4118	1.4118	0.6734	0.9923	0.0077
15350	-10565.2084	-2.1053	-0.354	0.8809	20.5466	12.537	18.0462	11.6676	0.0665	-1.4291	3.3943	2.7994	6.1922	1.353	1.353	0.6683	0.9771	0.0229
15400	-10464.0344	-2.033	-0.3558	0.8422	17.4522	12.537	17.5914	11.8121	0.0893	-1.4411	2.9775	2.8282	6.6158	1.3304	1.3304	0.6634	0.9822	0.0178
15450	-10532.3591	-1.9882	-0.3609	0.8387	19.1464	12.3231	17.362	13.6013	0.0641	-1.3482	3.7052	2.8485	6.5213	1.3809	1.3809	0.6587	0.9855	0.0145
15500	-10618.9638	-1.9336	-0.3694	0.7944	19.1464	12.7062	15.4536	12.1436	0.07	-1.2796	3.5814	2.8029	6.3695	1.38	1.38	0.6394	0.9866	0.0134
15550	-10450.6124	-1.9414	-0.3694	0.7943	17.1685	13.5555	15.4536	12.1436	0.0793	-1.5583	2.7988	2.8012	6.5668	1.4754	1.4754	0.6763	0.9898	0.0102
15600	-10454.0411	-2.0826	-0.3595	0.8819	19.1066	13.3092	15.7627	12.1436	0.0782	-1.617	3.0149	2.7955	6.8027	1.5437	1.5437	0.6799	0.9872	0.0128
15650	-10400.6656	-2.0995	-0.3533	0.8893	19.1066	13.1542	16.7435	12.1436	0.0951	-1.5285	2.5615	2.7685	7.1896	1.51	1.51	0.6792	0.9952	0.0048
15700	-10514.7526	-2.1164	-0.3463	0.8983	19.4149	12.9774	15.721	12.1436	0.0922	-1.2877	3.1202	2.8441	6.8981	1.4182	1.4182	0.6511	0.9871	0.0129
15750	-10428.6403	-1.9984	-0.3645	0.8188	19.4149	13.2177	15.721	12.5125	0.0832	-1.4293	3.0966	2.8151	7.2857	1.3747	1.3747	0.6587	0.9925	0.0075
15800	-10584.8288	-2.0223	-0.3422	0.8337	18.3189	13.3475	15.721	12.5125	0.0934	-1.3301	3.0482	2.8061	6.6916	1.4533	1.4533	0.6585	0.983	0.017
15850	-10570.4539	-1.9745	-0.3517	0.8059	18.6406	13.4622	16.5387	12.5125	0.0656	-1.4048	3.7425	2.8455	7.263	1.5544	1.5544	0.6629	0.9938	0.0062
15900	-10532.7454	-1.967	-0.349	0.7897	19.7322	13.1959	17.0306	12.5125	0.0653	-1.4601	3.5783	2.7917	6.4295	1.4658	1.4658	0.6724	0.9836	0.0164
15950	-10489.2483	-2.0636	-0.3455	0.8769	19.7322	13.2981	16.8605	12.5125	0.0423	-1.5848	3.5725	2.7805	7.2953	1.491	1.491	0.6535	0.9886	0.0114
16000	-10519.8764	-2.0776	-0.3483	0.8868	19.7322	13.7224	16.0932	12.0126	0.0756	-1.6702	2.7033	2.7219	6.984	1.5902	1.5902	0.6918	0.9914	0.0086
16050	-10446.2697	-2.0769	-0.3476	0.8843	19.7322	14.5722	16.0932	12.0126	0.0877	-1.6731	2.461	2.689	6.9275	1.6474	1.6474	0.7108	0.9897	0.0103
16100	-10582.9109	-2.0017	-0.3635	0.8479	21.1763	14.6533	16.7122	12.1882	0.1124	-1.5889	2.4634	2.7083	7.2202	1.5076	1.5076	0.6882	0.9886	0.0114
16150	-10443.285	-1.9347	-0.3699	0.7911	21.1763	13.9701	16.5056	13.6532	0.0748	-1.5204	3.2935	2.8069	6.9888	1.6151	1.6151	0.6736	0.9906	0.0094
16200	-10384.6908	-2.0498	-0.3592	0.835	18.5411	14.359	15.0742	11.9324	0.0588	-1.6122	3.2838	2.7612	6.741	1.5264	1.5264	0.6829	0.9899	0.0101
16250	-10580.9885	-2.0546	-0.3549	0.8415	18.5411	14.7453	16.364	11.4432	0.0529	-1.5735	3.284	2.7619	6.9958	1.4298	1.4298	0.6719	0.9859	0.0141
16300	-10500.7448	-1.9983	-0.3525	0.8027	19.1813	14.7453	14.9893	11.4432	0.0761	-1.4249	3.5373	2.7657	7.2031	1.4639	1.4639	0.6624	0.9857	0.0143
16350	-10407.1406	-2.1086	-0.3444	0.8855	19.1813	15.0688	16.6517	11.9816	0.0807	-1.5159	2.9938	2.7766	6.625	1.4272	1.4272	0.6601	0.9865	0.0135
16400	-10265.2759	-2.0023	-0.3627	0.8269	17.5772	14.5156	15.6135	12.5509	0.0823	-1.426	3.0042	2.7957	7.2208	1.3847	1.3847	0.6532	0.9875	0.0125
16450	-10494.79	-2.0384	-0.353	0.8327	17.5772	14.5156	15.6135	12.5509	0.076	-1.572	2.9273	2.7922	6.8464	1.4415	1.4415	0.6748	0.9881	0.0119
16500	-10439.6341	-2.0838	-0.345	0.8704	17.5772	13.6987	15.9532	13.5474	0.0748	-1.5318	2.97	2.7313	6.9633	1.5103	1.5103	0.6901	0.9884	0.0116
16550	-10496.3732	-2.0105	-0.3466	0.812	17.5772	14.0529	16.5178	13.4073	0.0905	-1.2773	3.0232	2.8206	6.7577	1.3707	1.3707	0.6535	0.9799	0.0201
16600	-10595.7855	-2.0151	-0.3503	0.8253	17.5772	14.3676	16.5178	12.7243	0.082	-1.5237	2.5518	2.763	6.5548	1.4145	1.4145	0.662	0.9839	0.0161
16650	-10507.2356	-1.9971	-0.3597	0.8396	16.7898	13.5038	16.5178	13.6742	0.0725	-1.7021	2.9241	2.7383	7.7621	1.5525	1.5525	0.6845	0.9925	0.0075
16700	-10507.0462	-2.0081	-0.3605	0.8326	16.7898	13.9285	16.1986	12.8573	0.0674	-1.522	3.2325	2.7883	7.2851	1.5362	1.5362	0.6658	0.9902	0.0098
16750	-10511.4528	-2.0562	-0.353	0.8724	16.7898	13.096	15.9422	13.0837	0.0634	-1.4763	3.3336	2.7625	7.1149	1.5917	1.5917	0.6681	0.9903	0.0097
16800	-10594.9814	-2.0081	-0.3512	0.8538	16.7898	13.096	16.8932	13.0837	0.0893	-1.5324	2.7115	2.7799	7.119	1.512	1.512	0.6783	0.9915	0.0085
16850	-10337.0104	-2.0463	-0.3543	0.8484	17.5407	13.5448	15.9973	13.063	0.0742	-1.5668	2.7411	2.8017	7.511	1.5433	1.5433	0.6731	0.9941	0.0059
16900	-10466.9301	-2.0671	-0.3503	0.8673	21.0226	13.3207	15.969	11.9787	0.0693	-1.3288	3.6051	2.7904	7.0432	1.4371	1.4371	0.6528	0.9917	0.0083
16950	-10565.3005	-2.0772	-0.3559	0.8793	19.5165	13.3207	17.1643	11.9787	0.0601	-1.471	3.5959	2.8598	6.7479	1.4207	1.4207	0.6573	0.9903	0.0097
17000	-10537.3015	-2.1235	-0.3443	0.9088	17.6465	14.1672	17.0173	13.1006	0.0444	-1.5825	3.7181	2.8164	7.0018	1.4206	1.4206	0.6573	0.988	0.012
17050	-10505.9185	-2.0963	-0.353	0.9239	17.6465	14.1067	17.0173	13.3276	0.0759	-1.4685	3.3816	2.7739	6.667	1.348	1.348	0.6675	0.9868	0.0132
17100	-10385.4138	-2.0846	-0.3708	0.9147	21.1167	12.4953	16.8716	13.3802	0.0678	-1.2617	4.0122	2.8209	6.7933	1.3582	1.3582	0.6462	0.9849	0.0151
17150	-10406.8052	-2.0622	-0.363	0.8832	18.8983	14.2222	15.9225	13.0275	0.0598	-1.4387	3.4089	2.7993	7.7181	1.4568	1.4568	0.6694	0.9924	0.0076
17200	-10579.1848	-2.0744	-0.3645	0.9173	18.8983	14.2222	15.9225	12.3067	0.0703	-1.5282	3.3227	2.7412	7.0669	1.4139	1.4139	0.6642	0.9898	0.0102
17250	-10442.0198	-2.0787	-0.3547	0.8834	18.8983	14.2222	16.6243	12.6572	0.0718	-1.6296	2.9183	2.7392	6.6413	1.5201	1.5201	0.6806	0.9894	0.0106
17300	-10473.9907	-2.1079	-0.3512	0.9093	16.7386	13.0889	15.3681	12.9811	0.0804	-1.4496	3.0835	2.8154	7.036	1.4389	1.4389	0.6602	0.988	0.012
17350	-10506.5558	-2.1034	-0.3658	0.9272	16.1605	12.3195	17.0858	13.1098	0.0755	-1.5661	2.851	2.783	7.3601	1.5449	1.5449	0.6823	0.9906	0.0094
17400	-10570.9872	-2.054	-0.3579	0.8849	15.8437	12.6602	17.0858	12.9111	0.0573	-1.6172	3.4589	2.8311	7.9961	1.5311	1.5311	0.667	0.995	0.005
17450	-10511.1749	-2.0099	-0.3415	0.8138	15.8437	13.3971	17.0858	12.9424	0.0716	-1.6319	2.8814	2.7521	6.7144	1.5181	1.5181	0.6825	0.9903	0.0097
17500	-10682.0669	-2.0425	-0.3454	0.8783	15.8437	13.4656	17.662	12.6931	0.0736	-1.4944	3.3626	2.7922	7.2567	1.4236	1.4236	0.6787	0.9937	0.0063
17550	-10658.909	-1.9937	-0.3577	0.8442	17.5658	13.4925	16.3219	11.9924	0.0598	-1.2958	3.6747	2.89	6.6454	1.4051	1.4051	0.6449	0.9891	0.0109
17600	-10561.0669	-1.9896	-0.3563	0.8198	18.1422	12.7118	16.6111	12.7973	0.0583	-1.2671	3.4136	2.8418	7.3424	1.4098	1.4098	0.6529	0.9914	0.0086
17650	-10456.3153	-1.9912	-0.3421	0.8252	18.3975	13.8906	16.6111	12.1239	0.0722	-1.5028	2.9089	2.7412	6.2417	1.5231	1.5231	0.6781	0.9849	0.0151
17700	-10688.2327	-1.934	-0.347	0.7846	18.7973	13.8906	16.2956	13.1413	0.0778	-1.661	2.9363	2.749	6.7563	1.5325	1.5325	0.6806	0.9918	0.0082
17750	-10485.5641	-1.9869	-0.3589	0.7957	19.0514	13.8906	15.8705	12.893	0.0729	-1.6022	2.838	2.7797	7.1737	1.5736	1.5736	0.6776	0.9909	0.0091
17800	-10373.0382	-2.0062	-0.3594	0.8544	19.9622	13.8906	14.9541	12.5711	0.0738	-1.2508	3.3573	2.8245	6.8588	1.4497	1.4497	0.6607	0.989	0.011
17850	-10365.7818	-2.0426	-0.359	0.8513	18.1559	13.8906	16.2283	12.5711	0.077	-1.3402	3.1219	2.7679	6.8503	1.4906	1.4906	0.6661	0.9891	0.0109
17900	-10388.5685	-2.0911	-0.347	0.8992	18.1112	13.8906	15.7765	12.1388	0.0906	-1.7487	2.3468	2.7377	7.2314	1.6445	1.6445	0.7013	0.9934	0.0066
17950	-10456.0493	-2.0606	-0.3495	0.8608	17.8486	14.0282	14.8734	11.2567	0.07	-1.7885	2.6605	2.6544	6.8563	1.7007	1.7007	0.7252	0.9903	0.0097
18000	-10391.3457	-2.0928	-0.3536	0.8587	17.8486	13.6648	15.1148	11.2583	0.0887	-1.7133	2.1058	2.6999	7.6694	1.656	1.656	0.7026	0.994	0.006
18050	-10421.3099	-2.0771	-0.3472	0.8505	17.8486	12.4634	15.6771	12.2818	0.1135	-1.8053	2.1608	2.6575	7.318	1.6951	1.6951	0.712	0.9925	0.0075
18100	-10438.6278	-2.0081	-0.3567	0.8204	18.6959	12.4634	16.1563	12.2818	0.0856	-1.842	2.503	2.6682	7.3384	1.6801	1.6801	0.7093	0.9922	0.0078
18150	-10480.359	-2.0273	-0.3458	0.847	18.5785	12.5331	15.2995	12.2818	0.1008	-1.7261	2.3519	2.7446	6.8122	1.6476	1.6476	0.6953	0.9942	0.0058
18200	-10659.2964	-2.0289	-0.3357	0.825	18.5559	12.5331	14.7406	11.5466	0.0552	-1.634	2.7583	2.7773	7.467	1.5418	1.5418	0.682	0.9914	0.0086
18250	-10559.037	-2.0311	-0.3528	0.838	18.5559	12.5331	15.8925	12.4021	0.0643	-1.4413	3.1306	2.8353	6.5452	1.3437	1.3437	0.6637	0.9889	0.0111
18300	-10657.9405	-2.0248	-0.3382	0.835	17.6697	13.742	15.4806	12.9962	0.091	-1.4161	3.3245	2.8412	6.7029	1.4217	1.4217	0.6531	0.9908	0.0092
18350	-10393.8346	-2.0664	-0.3446	0.8711	18.6402	14.0049	14.8177	12.5336	0.0961	-1.4205	3.0588	2.8143	6.438	1.411	1.411	0.6731	0.9883	0.0117
18400	-10336.2958	-2.0398	-0.3472	0.837	19.1265	14.0049	14.9456	12.5336	0.0727	-1.4426	3.3301	2.7825	6.9543	1.5318	1.5318	0.6716	0.9915	0.0085
18450	-10566.9242	-2.0597	-0.347	0.8331	19.1265	13.5807	16.6605	14.4432	0.0777	-1.6037	3.1318	2.755	6.0892	1.545	1.545	0.6659	0.9843	0.0157
18500	-10459.4554	-2.0382	-0.3432	0.8325	19.1326	12.1785	16.0571	13.2178	0.0733	-1.5713	3.2995	2.7852	6.8309	1.5542	1.5542	0.6875	0.9903	0.0097
18550	-10408.619	-2.0688	-0.3367	0.8634	20.1127	13.8097	17.6791	13.2178	0.0666	-1.3018	3.6805	2.8608	6.7195	1.3363	1.3363	0.643	0.989	0.011
18600	-10492.3079	-2.0378	-0.3532	0.8292	19.711	12.7647	15.8987	11.5479	0.0757	-1.3396	2.9515	2.8466	6.7691	1.3671	1.3671	0.6585	0.9866	0.0134
18650	-10534.4024	-1.9975	-0.3513	0.8118	19.711	13.0163	15.6893	11.5479	0.0809	-1.657	2.963	2.7317	6.844	1.5281	1.5281	0.6959	0.9862	0.0138
18700	-10494.1994	-2.0847	-0.3515	0.8746	19.711	14.9321	16.3518	11.8132	0.0726	-1.8345	2.6178	2.7266	6.6008	1.6219	1.6219	0.7064	0.9887	0.0113
18750	-10441.2167	-2.0568	-0.3556	0.8691	19.9447	15.301	17.482	14.1036	0.1004	-1.8638	2.1501	2.6873	6.7715	1.6762	1.6762	0.7042	0.9871	0.0129
18800	-10582.1703	-1.952	-0.3591	0.7849	18.4584	14.2107	16.9265	12.4924	0.1124	-1.6494	2.5298	2.7226	7.4929	1.6188	1.6188	0.692	0.9959	0.0041
18850	-10501.5046	-2.0794	-0.3365	0.8574	17.26	13.2996	16.7079	12.013	0.1045	-1.5949	2.3241	2.7569	6.1612	1.5687	1.5687	0.6974	0.9779	0.0221
18900	-10568.6064	-2.0722	-0.326	0.8376	20.5894	13.2674	15.675	13.9554	0.09	-1.5009	2.589	2.7725	6.5863	1.5882	1.5882	0.6864	0.991	0.009
18950	-10492.0851	-2.0803	-0.3444	0.8782	22.4566	13.2674	15.675	13.1493	0.0866	-1.3946	3.2937	2.8057	6.8989	1.4517	1.4517	0.6632	0.9899	0.0101
19000	-10295.3276	-2.0729	-0.3429	0.8424	19.0519	14.4849	15.675	13.0322	0.0942	-1.7654	2.7573	2.7875	6.9091	1.5696	1.5696	0.6881	0.9901	0.0099
19050	-10315.3049	-2.0496	-0.3617	0.8439	18.4427	13.3172	16.7809	11.784	0.0807	-1.456	3.1147	2.7673	6.8354	1.4649	1.4649	0.6727	0.992	0.008
19100	-10525.7863	-1.9595	-0.3627	0.7961	18.8697	12.6567	15.4139	11.942	0.0731	-1.3821	3.2327	2.8329	7.15	1.5459	1.5459	0.6587	0.9921	0.0079
19150	-10573.6119	-1.9858	-0.3626	0.8363	19.453	12.3882	17.7335	11.0625	0.0857	-1.5586	3.0966	2.7785	6.7242	1.4517	1.4517	0.6747	0.9901	0.0099
19200	-10506.0368	-1.9651	-0.3475	0.8129	19.6475	13.2647	15.4602	12.0971	0.0768	-1.3521	3.011	2.8003	6.6457	1.3987	1.3987	0.6544	0.9836	0.0164
19250	-10588.2978	-2.0159	-0.3401	0.8084	17.7142	13.2143	15.0042	11.8443	0.0477	-1.4382	3.4489	2.817	6.8494	1.4895	1.4895	0.6674	0.9865	0.0135
19300	-10411.659	-2.0774	-0.3626	0.8752	21.2831	14.4068	16.246	11.8443	0.0641	-1.3708	3.734	2.8358	7.0155	1.4953	1.4953	0.6623	0.9928	0.0072
19350	-10399.2443	-2.0677	-0.3579	0.854	19.3641	15.3457	17.0632	11.3972	0.0429	-1.2606	4.5701	2.8294	7.0553	1.4269	1.4269	0.6358	0.9924	0.0076
19400	-10385.5141	-2.0751	-0.3532	0.8642	19.4249	14.1022	15.8583	12.106	0.0614	-1.3808	4.089	2.7883	6.9275	1.4711	1.4711	0.6399	0.987	0.013
19450	-10387.5768	-2.1145	-0.3538	0.9265	19.4249	12.6884	15.8583	12.6344	0.0628	-1.6144	3.3648	2.757	6.7843	1.496	1.496	0.6763	0.9883	0.0117
19500	-10487.2308	-1.998	-0.3569	0.8319	18.8908	11.5902	16.5305	12.6344	0.0696	-1.5541	3.2673	2.784	7.1686	1.4661	1.4661	0.6675	0.9895	0.0105
19550	-10574.7787	-1.9901	-0.3596	0.8133	18.57	12.7308	16.5305	12.6344	0.0529	-1.664	3.1045	2.7271	7.113	1.5469	1.5469	0.6777	0.9909	0.0091
19600	-10590.3825	-2.019	-0.3635	0.8543	18.57	13.399	15.8269	12.6344	0.0435	-1.5589	3.0168	2.7812	6.9926	1.5399	1.5399	0.6705	0.9934	0.0066
19650	-10348.8747	-2.0625	-0.3513	0.8605	18.57	12.962	15.8269	12.4485	0.0964	-1.5975	2.9476	2.7361	7.378	1.5792	1.5792	0.6887	0.9917	0.0083
19700	-10480.266	-2.0625	-0.3379	0.8594	18.57	13.6054	14.7474	12.4485	0.0644	-1.6965	2.7925	2.7512	6.5561	1.4359	1.4359	0.6878	0.9806	0.0194
19750	-10477.1174	-2.1165	-0.3387	0.8737	17.7368	13.7187	15.6079	12.468	0.0804	-1.5085	3.1194	2.7724	7.4863	1.5713	1.5713	0.6728	0.9921	0.0079
19800	-10423.0721	-2.069	-0.3639	0.8794	18.6585	12.3383	15.2243	12.9595	0.0714	-1.4364	3.5846	2.7526	6.9163	1.4842	1.4842	0.6607	0.9892	0.0108
19850	-10366.998	-2.0371	-0.3546	0.8331	18.344	12.5441	14.7492	11.5283	0.0846	-1.5383	3.2248	2.7475	7.1723	1.6568	1.6568	0.6816	0.9923	0.0077
19900	-10689.3124	-2.0198	-0.3525	0.8371	18.3555	12.5441	14.0504	11.55	0.0804	-1.563	2.8321	2.7923	6.8836	1.3783	1.3783	0.6623	0.9874	0.0126
19950	-10556.3558	-1.9203	-0.3575	0.7808	18.3555	11.6914	14.0504	13.0023	0.0634	-1.448	3.199	2.8063	6.8929	1.5366	1.5366	0.6697	0.9865	0.0135
20000	-10588.9099	-1.9764	-0.3516	0.8199	18.7937	13.5587	14.4308	12.8043	0.0666	-1.5111	2.9072	2.7701	6.5969	1.4678	1.4678	0.6749	0.9878	0.0122
20050	-10316.1581	-2.0664	-0.3452	0.846	19.6219	13.5587	17.6811	12.916	0.0759	-1.2685	3.2427	2.7661	6.5581	1.3411	1.3411	0.6577	0.9884	0.0116
